Log file open, 04/11/20 17:14:50
LogWindows: Failed to load 'aqProf.dll' (GetLastError=126)
LogWindows: File 'aqProf.dll' does not exist
LogWindows: Failed to load 'VtuneApi.dll' (GetLastError=126)
LogWindows: File 'VtuneApi.dll' does not exist
LogWindows: Failed to load 'VtuneApi32e.dll' (GetLastError=126)
LogWindows: File 'VtuneApi32e.dll' does not exist
LogConsoleResponse: Display: Failed to find resolution value strings in scalability ini. Falling back to default.
LogInit: Display: Running engine for game: CavesTaint
LogPakFile: Registered encryption key '00000000000000000000000000000000': 0 pak files mounted, 0 remain pending
LogPlatformFile: Not using cached read wrapper
LogTaskGraph: Started task graph with 5 named threads and 23 total threads with 3 sets of task threads.
LogStats: Stats thread started at 3.278615
LogD3D11RHI: Loaded GFSDK_Aftermath_Lib.x64.dll
LogICUInternationalization: ICU TimeZone Detection - Raw Offset: +1:00, Platform Override: ''
LogPluginManager: Warning: Engine version string in E:/Unreal Projects/CavesTaint/Plugins/SimplexNoise-master/SimplexNoise.uplugin could not be parsed ("4.10")
LogPluginManager: Mounting plugin Paper2D
LogPluginManager: Mounting plugin AISupport
LogPluginManager: Mounting plugin LightPropagationVolume
LogPluginManager: Mounting plugin ActorLayerUtilities
LogPluginManager: Mounting plugin AnimationSharing
LogPluginManager: Mounting plugin CLionSourceCodeAccess
LogPluginManager: Mounting plugin CodeLiteSourceCodeAccess
LogPluginManager: Mounting plugin GitSourceControl
LogPluginManager: Mounting plugin KDevelopSourceCodeAccess
LogPluginManager: Mounting plugin NullSourceCodeAccess
LogPluginManager: Mounting plugin PerforceSourceControl
LogPluginManager: Mounting plugin SubversionSourceControl
LogPluginManager: Mounting plugin UObjectPlugin
LogPluginManager: Mounting plugin VisualStudioCodeSourceCodeAccess
LogPluginManager: Mounting plugin VisualStudioSourceCodeAccess
LogPluginManager: Mounting plugin XCodeSourceCodeAccess
LogPluginManager: Mounting plugin AssetManagerEditor
LogPluginManager: Mounting plugin CryptoKeys
LogPluginManager: Mounting plugin DataValidation
LogPluginManager: Mounting plugin FacialAnimation
LogPluginManager: Mounting plugin GameplayTagsEditor
LogPluginManager: Mounting plugin MacGraphicsSwitching
LogPluginManager: Mounting plugin MaterialAnalyzer
LogPluginManager: Mounting plugin MobileLauncherProfileWizard
LogPluginManager: Mounting plugin PluginBrowser
LogPluginManager: Mounting plugin SpeedTreeImporter
LogPluginManager: Mounting plugin DatasmithContent
LogPluginManager: Mounting plugin VariantManagerContent
LogPluginManager: Mounting plugin AlembicImporter
LogPluginManager: Mounting plugin AppleImageUtils
LogPluginManager: Mounting plugin AppleVision
LogPluginManager: Mounting plugin BackChannel
LogPluginManager: Mounting plugin CharacterAI
LogPluginManager: Mounting plugin GeometryCache
LogPluginManager: Mounting plugin HTML5Networking
LogPluginManager: Mounting plugin ProxyLODPlugin
LogPluginManager: Mounting plugin SkeletalReduction
LogPluginManager: Mounting plugin MagicLeap
LogPluginManager: Mounting plugin MagicLeapMedia
LogPluginManager: Mounting plugin DirGravity
LogPluginManager: Mounting plugin AndroidMedia
LogPluginManager: Mounting plugin AvfMedia
LogPluginManager: Mounting plugin ImgMedia
LogPluginManager: Mounting plugin LinearTimecode
LogPluginManager: Mounting plugin MediaCompositing
LogPluginManager: Mounting plugin MediaPlayerEditor
LogPluginManager: Mounting plugin WebMMedia
LogPluginManager: Mounting plugin WmfMedia
LogPluginManager: Mounting plugin TcpMessaging
LogPluginManager: Mounting plugin UdpMessaging
LogPluginManager: Mounting plugin ActorSequence
LogPluginManager: Mounting plugin LevelSequenceEditor
LogPluginManager: Mounting plugin MatineeToLevelSequence
LogPluginManager: Mounting plugin NetcodeUnitTest
LogPluginManager: Mounting plugin NUTUnrealEngine4
LogPluginManager: Mounting plugin OnlineSubsystemGooglePlay
LogPluginManager: Mounting plugin OnlineSubsystemIOS
LogPluginManager: Mounting plugin OnlineSubsystem
LogPluginManager: Mounting plugin OnlineSubsystemNull
LogPluginManager: Mounting plugin OnlineSubsystemUtils
LogPluginManager: Mounting plugin LauncherChunkInstaller
LogPluginManager: Mounting plugin AndroidDeviceProfileSelector
LogPluginManager: Mounting plugin AndroidMoviePlayer
LogPluginManager: Mounting plugin AndroidPermission
LogPluginManager: Mounting plugin AppleMoviePlayer
LogPluginManager: Mounting plugin ArchVisCharacter
LogPluginManager: Mounting plugin AudioCapture
LogPluginManager: Mounting plugin CableComponent
LogPluginManager: Mounting plugin CustomMeshComponent
LogPluginManager: Mounting plugin EditableMesh
LogPluginManager: Mounting plugin ExampleDeviceProfileSelector
LogPluginManager: Mounting plugin Firebase
LogPluginManager: Mounting plugin GoogleCloudMessaging
LogPluginManager: Mounting plugin IOSDeviceProfileSelector
LogPluginManager: Mounting plugin LinuxDeviceProfileSelector
LogPluginManager: Mounting plugin LocationServicesBPLibrary
LogPluginManager: Mounting plugin MobilePatchingUtils
LogPluginManager: Mounting plugin OculusVR
LogPluginManager: Mounting plugin PhysXVehicles
LogPluginManager: Mounting plugin ProceduralMeshComponent
LogPluginManager: Mounting plugin RuntimePhysXCooking
LogPluginManager: Mounting plugin SignificanceManager
LogPluginManager: Mounting plugin SteamVR
LogPluginManager: Mounting plugin WebMMoviePlayer
LogPluginManager: Mounting plugin WindowsMoviePlayer
LogPluginManager: Mounting plugin SimplexNoise
LogInit: Using libcurl 7.55.1-DEV
LogInit:  - built for x86_64-pc-win32
LogInit:  - supports SSL with OpenSSL/1.1.1
LogInit:  - supports HTTP deflate (compression) using libz 1.2.8
LogInit:  - other features:
LogInit:      CURL_VERSION_SSL
LogInit:      CURL_VERSION_LIBZ
LogInit:      CURL_VERSION_IPV6
LogInit:      CURL_VERSION_ASYNCHDNS
LogInit:      CURL_VERSION_LARGEFILE
LogInit:      CURL_VERSION_IDN
LogInit:  CurlRequestOptions (configurable via config and command line):
LogInit:  - bVerifyPeer = true  - Libcurl will verify peer certificate
LogInit:  - bUseHttpProxy = false  - Libcurl will NOT use HTTP proxy
LogInit:  - bDontReuseConnections = false  - Libcurl will reuse connections
LogInit:  - MaxHostConnections = 16  - Libcurl will limit the number of connections to a host
LogInit:  - LocalHostAddr = Default
LogInit:  - BufferSize = 65536
LogInit: WinSock: version 1.1 (2.2), MaxSocks=32767, MaxUdp=65467
LogInit: Build: ++UE4+Release-4.22-CL-7053642
LogInit: Engine Version: 4.22.3-7053642+++UE4+Release-4.22
LogInit: Compatible Engine Version: 4.22.0-5660361+++UE4+Release-4.22
LogInit: Net CL: 5660361
LogInit: OS: Windows 10 (Release 1809) (), CPU:       Intel(R) Xeon(R) CPU E3-1230 V2 @ 3.30GHz, GPU: NVIDIA GeForce GTX 650
LogInit: Compiled (64-bit): Jun 18 2019 03:09:11
LogInit: Compiled with Visual C++: 19.16.27025.01
LogInit: Build Configuration: Development
LogInit: Branch Name: ++UE4+Release-4.22
LogInit: Command Line: 
LogInit: Base Directory: D:/Program Files/Epic Games/UE_4.22/Engine/Binaries/Win64/
LogInit: Installed Engine Build: 1
LogDevObjectVersion: Number of dev versions registered: 23
LogDevObjectVersion:   Dev-Blueprints (B0D832E4-1F89-4F0D-ACCF-7EB736FD4AA2): 10
LogDevObjectVersion:   Dev-Build (E1C64328-A22C-4D53-A36C-8E866417BD8C): 0
LogDevObjectVersion:   Dev-Core (375EC13C-06E4-48FB-B500-84F0262A717E): 3
LogDevObjectVersion:   Dev-Editor (E4B068ED-F494-42E9-A231-DA0B2E46BB41): 30
LogDevObjectVersion:   Dev-Framework (CFFC743F-43B0-4480-9391-14DF171D2073): 35
LogDevObjectVersion:   Dev-Mobile (B02B49B5-BB20-44E9-A304-32B752E40360): 2
LogDevObjectVersion:   Dev-Networking (A4E4105C-59A1-49B5-A7C5-40C4547EDFEE): 0
LogDevObjectVersion:   Dev-Online (39C831C9-5AE6-47DC-9A44-9C173E1C8E7C): 0
LogDevObjectVersion:   Dev-Physics (78F01B33-EBEA-4F98-B9B4-84EACCB95AA2): 0
LogDevObjectVersion:   Dev-Platform (6631380F-2D4D-43E0-8009-CF276956A95A): 0
LogDevObjectVersion:   Dev-Rendering (12F88B9F-8875-4AFC-A67C-D90C383ABD29): 28
LogDevObjectVersion:   Dev-Sequencer (7B5AE74C-D270-4C10-A958-57980B212A5A): 11
LogDevObjectVersion:   Dev-VR (D7296918-1DD6-4BDD-9DE2-64A83CC13884): 2
LogDevObjectVersion:   Dev-LoadTimes (C2A15278-BFE7-4AFE-6C17-90FF531DF755): 1
LogDevObjectVersion:   Private-Geometry (6EACA3D4-40EC-4CC1-B786-8BED09428FC5): 3
LogDevObjectVersion:   Dev-AnimPhys (29E575DD-E0A3-4627-9D10-D276232CDCEA): 17
LogDevObjectVersion:   Dev-Anim (AF43A65D-7FD3-4947-9873-3E8ED9C1BB05): 2
LogDevObjectVersion:   Dev-ReflectionCapture (6B266CEC-1EC7-4B8F-A30B-E4D90942FC07): 1
LogDevObjectVersion:   Dev-Automation (0DF73D61-A23F-47EA-B727-89E90C41499A): 1
LogDevObjectVersion:   FortniteMain (601D1886-AC64-4F84-AA16-D3DE0DEAC7D6): 25
LogDevObjectVersion:   Dev-Enterprise (9DFFBCD6-494F-0158-E221-12823C92A888): 6
LogDevObjectVersion:   Dev-Niagara (F2AED0AC-9AFE-416F-8664-AA7FFA26D6FC): 1
LogDevObjectVersion:   Dev-Destruction (174F1F0B-B4C6-45A5-B13F-2EE8D0FB917D): 2
LogInit: Presizing for max 16777216 objects, including 0 objects not considered by GC, pre-allocating 0 bytes for permanent pool.
LogInit: Object subsystem initialized
LogConfig: Setting CVar [[con.DebugEarlyDefault:1]]
LogConfig: Setting CVar [[r.setres:1280x720]]
[2020.04.11-15.14.53:386][  0]LogConfig: Setting CVar [[r.VSync:0]]
[2020.04.11-15.14.53:386][  0]LogConfig: Setting CVar [[r.RHICmdBypass:0]]
[2020.04.11-15.14.53:386][  0]LogConfig: Applying CVar settings from Section [/Script/Engine.RendererSettings] File [E:/Unreal Projects/CavesTaint/Saved/Config/Windows/Engine.ini]
[2020.04.11-15.14.53:386][  0]LogConfig: Setting CVar [[r.GPUCrashDebugging:0]]
[2020.04.11-15.14.53:386][  0]LogConfig: Setting CVar [[r.DefaultFeature.AutoExposure.ExtendDefaultLuminanceRange:1]]
[2020.04.11-15.14.53:386][  0]LogConfig: Applying CVar settings from Section [/Script/Engine.RendererOverrideSettings] File [E:/Unreal Projects/CavesTaint/Saved/Config/Windows/Engine.ini]
[2020.04.11-15.14.53:386][  0]LogConfig: Applying CVar settings from Section [/Script/Engine.StreamingSettings] File [E:/Unreal Projects/CavesTaint/Saved/Config/Windows/Engine.ini]
[2020.04.11-15.14.53:386][  0]LogConfig: Setting CVar [[s.MinBulkDataSizeForAsyncLoading:131072]]
[2020.04.11-15.14.53:386][  0]LogConfig: Setting CVar [[s.AsyncLoadingThreadEnabled:0]]
[2020.04.11-15.14.53:386][  0]LogConfig: Setting CVar [[s.EventDrivenLoaderEnabled:1]]
[2020.04.11-15.14.53:386][  0]LogConfig: Setting CVar [[s.WarnIfTimeLimitExceeded:0]]
[2020.04.11-15.14.53:386][  0]LogConfig: Setting CVar [[s.TimeLimitExceededMultiplier:1.5]]
[2020.04.11-15.14.53:386][  0]LogConfig: Setting CVar [[s.TimeLimitExceededMinTime:0.005]]
[2020.04.11-15.14.53:386][  0]LogConfig: Setting CVar [[s.UseBackgroundLevelStreaming:1]]
[2020.04.11-15.14.53:386][  0]LogConfig: Setting CVar [[s.PriorityAsyncLoadingExtraTime:15.0]]
[2020.04.11-15.14.53:386][  0]LogConfig: Setting CVar [[s.LevelStreamingActorsUpdateTimeLimit:5.0]]
[2020.04.11-15.14.53:386][  0]LogConfig: Setting CVar [[s.PriorityLevelStreamingActorsUpdateExtraTime:5.0]]
[2020.04.11-15.14.53:386][  0]LogConfig: Setting CVar [[s.LevelStreamingComponentsRegistrationGranularity:10]]
[2020.04.11-15.14.53:386][  0]LogConfig: Setting CVar [[s.UnregisterComponentsTimeLimit:1.0]]
[2020.04.11-15.14.53:386][  0]LogConfig: Setting CVar [[s.LevelStreamingComponentsUnregistrationGranularity:5]]
[2020.04.11-15.14.53:386][  0]LogConfig: Applying CVar settings from Section [/Script/Engine.GarbageCollectionSettings] File [E:/Unreal Projects/CavesTaint/Saved/Config/Windows/Engine.ini]
[2020.04.11-15.14.53:386][  0]LogConfig: Setting CVar [[gc.MaxObjectsNotConsideredByGC:1]]
[2020.04.11-15.14.53:386][  0]LogConfig: Setting CVar [[gc.SizeOfPermanentObjectPool:0]]
[2020.04.11-15.14.53:386][  0]LogConfig: Setting CVar [[gc.FlushStreamingOnGC:0]]
[2020.04.11-15.14.53:387][  0]LogConfig: Setting CVar [[gc.NumRetriesBeforeForcingGC:10]]
[2020.04.11-15.14.53:387][  0]LogConfig: Setting CVar [[gc.AllowParallelGC:1]]
[2020.04.11-15.14.53:387][  0]LogConfig: Setting CVar [[gc.TimeBetweenPurgingPendingKillObjects:61.1]]
[2020.04.11-15.14.53:387][  0]LogConfig: Setting CVar [[gc.MaxObjectsInEditor:16777216]]
[2020.04.11-15.14.53:387][  0]LogConfig: Setting CVar [[gc.IncrementalBeginDestroyEnabled:1]]
[2020.04.11-15.14.53:387][  0]LogConfig: Setting CVar [[gc.CreateGCClusters:1]]
[2020.04.11-15.14.53:387][  0]LogConfig: Setting CVar [[gc.MinGCClusterSize:5]]
[2020.04.11-15.14.53:387][  0]LogConfig: Setting CVar [[gc.ActorClusteringEnabled:0]]
[2020.04.11-15.14.53:387][  0]LogConfig: Setting CVar [[gc.BlueprintClusteringEnabled:0]]
[2020.04.11-15.14.53:387][  0]LogConfig: Setting CVar [[gc.UseDisregardForGCOnDedicatedServers:0]]
[2020.04.11-15.14.53:387][  0]LogConfig: Applying CVar settings from Section [/Script/Engine.NetworkSettings] File [E:/Unreal Projects/CavesTaint/Saved/Config/Windows/Engine.ini]
[2020.04.11-15.14.53:387][  0]LogConfig: Applying CVar settings from Section [/Script/UnrealEd.CookerSettings] File [E:/Unreal Projects/CavesTaint/Saved/Config/Windows/Engine.ini]
[2020.04.11-15.14.53:514][  0]LogConfig: Applying CVar settings from Section [ViewDistanceQuality@3] File [E:/Unreal Projects/CavesTaint/Saved/Config/Windows/Scalability.ini]
[2020.04.11-15.14.53:514][  0]LogConfig: Setting CVar [[r.SkeletalMeshLODBias:0]]
[2020.04.11-15.14.53:514][  0]LogConfig: Setting CVar [[r.ViewDistanceScale:1.0]]
[2020.04.11-15.14.53:514][  0]LogConfig: Applying CVar settings from Section [AntiAliasingQuality@3] File [E:/Unreal Projects/CavesTaint/Saved/Config/Windows/Scalability.ini]
[2020.04.11-15.14.53:514][  0]LogConfig: Setting CVar [[r.PostProcessAAQuality:4]]
[2020.04.11-15.14.53:514][  0]LogConfig: Applying CVar settings from Section [ShadowQuality@3] File [E:/Unreal Projects/CavesTaint/Saved/Config/Windows/Scalability.ini]
[2020.04.11-15.14.53:514][  0]LogConfig: Setting CVar [[r.LightFunctionQuality:1]]
[2020.04.11-15.14.53:514][  0]LogConfig: Setting CVar [[r.ShadowQuality:5]]
[2020.04.11-15.14.53:514][  0]LogConfig: Setting CVar [[r.Shadow.CSM.MaxCascades:10]]
[2020.04.11-15.14.53:514][  0]LogConfig: Setting CVar [[r.Shadow.MaxResolution:2048]]
[2020.04.11-15.14.53:514][  0]LogConfig: Setting CVar [[r.Shadow.MaxCSMResolution:2048]]
[2020.04.11-15.14.53:514][  0]LogConfig: Setting CVar [[r.Shadow.RadiusThreshold:0.01]]
[2020.04.11-15.14.53:514][  0]LogConfig: Setting CVar [[r.Shadow.DistanceScale:1.0]]
[2020.04.11-15.14.53:514][  0]LogConfig: Setting CVar [[r.Shadow.CSM.TransitionScale:1.0]]
[2020.04.11-15.14.53:514][  0]LogConfig: Setting CVar [[r.Shadow.PreShadowResolutionFactor:1.0]]
[2020.04.11-15.14.53:514][  0]LogConfig: Setting CVar [[r.DistanceFieldShadowing:1]]
[2020.04.11-15.14.53:514][  0]LogConfig: Setting CVar [[r.DistanceFieldAO:1]]
[2020.04.11-15.14.53:514][  0]LogConfig: Setting CVar [[r.AOQuality:2]]
[2020.04.11-15.14.53:514][  0]LogConfig: Setting CVar [[r.VolumetricFog:1]]
[2020.04.11-15.14.53:514][  0]LogConfig: Setting CVar [[r.VolumetricFog.GridPixelSize:8]]
[2020.04.11-15.14.53:514][  0]LogConfig: Setting CVar [[r.VolumetricFog.GridSizeZ:128]]
[2020.04.11-15.14.53:514][  0]LogConfig: Setting CVar [[r.VolumetricFog.HistoryMissSupersampleCount:4]]
[2020.04.11-15.14.53:514][  0]LogConfig: Setting CVar [[r.LightMaxDrawDistanceScale:1]]
[2020.04.11-15.14.53:514][  0]LogConfig: Setting CVar [[r.CapsuleShadows:1]]
[2020.04.11-15.14.53:514][  0]LogConfig: Applying CVar settings from Section [PostProcessQuality@3] File [E:/Unreal Projects/CavesTaint/Saved/Config/Windows/Scalability.ini]
[2020.04.11-15.14.53:514][  0]LogConfig: Setting CVar [[r.MotionBlurQuality:4]]
[2020.04.11-15.14.53:514][  0]LogConfig: Setting CVar [[r.AmbientOcclusionMipLevelFactor:0.4]]
[2020.04.11-15.14.53:514][  0]LogConfig: Setting CVar [[r.AmbientOcclusionMaxQuality:100]]
[2020.04.11-15.14.53:514][  0]LogConfig: Setting CVar [[r.AmbientOcclusionLevels:-1]]
[2020.04.11-15.14.53:514][  0]LogConfig: Setting CVar [[r.AmbientOcclusionRadiusScale:1.0]]
[2020.04.11-15.14.53:514][  0]LogConfig: Setting CVar [[r.DepthOfFieldQuality:2]]
[2020.04.11-15.14.53:514][  0]LogConfig: Setting CVar [[r.RenderTargetPoolMin:400]]
[2020.04.11-15.14.53:514][  0]LogConfig: Setting CVar [[r.LensFlareQuality:2]]
[2020.04.11-15.14.53:514][  0]LogConfig: Setting CVar [[r.SceneColorFringeQuality:1]]
[2020.04.11-15.14.53:514][  0]LogConfig: Setting CVar [[r.EyeAdaptationQuality:2]]
[2020.04.11-15.14.53:514][  0]LogConfig: Setting CVar [[r.BloomQuality:5]]
[2020.04.11-15.14.53:514][  0]LogConfig: Setting CVar [[r.FastBlurThreshold:100]]
[2020.04.11-15.14.53:514][  0]LogConfig: Setting CVar [[r.Upscale.Quality:3]]
[2020.04.11-15.14.53:514][  0]LogConfig: Setting CVar [[r.Tonemapper.GrainQuantization:1]]
[2020.04.11-15.14.53:514][  0]LogConfig: Setting CVar [[r.LightShaftQuality:1]]
[2020.04.11-15.14.53:514][  0]LogConfig: Setting CVar [[r.Filter.SizeScale:1]]
[2020.04.11-15.14.53:514][  0]LogConfig: Setting CVar [[r.Tonemapper.Quality:5]]
[2020.04.11-15.14.53:514][  0]LogConfig: Setting CVar [[r.DOF.Gather.AccumulatorQuality:1        ; higher gathering accumulator quality]]
[2020.04.11-15.14.53:514][  0]LogConfig: Setting CVar [[r.DOF.Gather.PostfilterMethod:1          ; Median3x3 postfilering method]]
[2020.04.11-15.14.53:514][  0]LogConfig: Setting CVar [[r.DOF.Gather.EnableBokehSettings:0       ; no bokeh simulation when gathering]]
[2020.04.11-15.14.53:514][  0]LogConfig: Setting CVar [[r.DOF.Gather.RingCount:4                 ; medium number of samples when gathering]]
[2020.04.11-15.14.53:514][  0]LogConfig: Setting CVar [[r.DOF.Scatter.ForegroundCompositing:1    ; additive foreground scattering]]
[2020.04.11-15.14.53:514][  0]LogConfig: Setting CVar [[r.DOF.Scatter.BackgroundCompositing:2    ; additive background scattering]]
[2020.04.11-15.14.53:514][  0]LogConfig: Setting CVar [[r.DOF.Scatter.EnableBokehSettings:1      ; bokeh simulation when scattering]]
[2020.04.11-15.14.53:514][  0]LogConfig: Setting CVar [[r.DOF.Scatter.MaxSpriteRatio:0.1         ; only a maximum of 10% of scattered bokeh]]
[2020.04.11-15.14.53:515][  0]LogConfig: Setting CVar [[r.DOF.Recombine.Quality:1                ; cheap slight out of focus]]
[2020.04.11-15.14.53:515][  0]LogConfig: Setting CVar [[r.DOF.Recombine.EnableBokehSettings:0    ; no bokeh simulation on slight out of focus]]
[2020.04.11-15.14.53:515][  0]LogConfig: Setting CVar [[r.DOF.TemporalAAQuality:1                ; more stable temporal accumulation]]
[2020.04.11-15.14.53:515][  0]LogConfig: Setting CVar [[r.DOF.Kernel.MaxForegroundRadius:0.025]]
[2020.04.11-15.14.53:515][  0]LogConfig: Setting CVar [[r.DOF.Kernel.MaxBackgroundRadius:0.025]]
[2020.04.11-15.14.53:515][  0]LogConfig: Applying CVar settings from Section [TextureQuality@3] File [E:/Unreal Projects/CavesTaint/Saved/Config/Windows/Scalability.ini]
[2020.04.11-15.14.53:515][  0]LogConfig: Setting CVar [[r.Streaming.MipBias:0]]
[2020.04.11-15.14.53:515][  0]LogConfig: Setting CVar [[r.Streaming.AmortizeCPUToGPUCopy:0]]
[2020.04.11-15.14.53:515][  0]LogConfig: Setting CVar [[r.Streaming.MaxNumTexturesToStreamPerFrame:0]]
[2020.04.11-15.14.53:515][  0]LogConfig: Setting CVar [[r.Streaming.Boost:1]]
[2020.04.11-15.14.53:515][  0]LogConfig: Setting CVar [[r.MaxAnisotropy:8]]
[2020.04.11-15.14.53:515][  0]LogConfig: Setting CVar [[r.Streaming.LimitPoolSizeToVRAM:0]]
[2020.04.11-15.14.53:515][  0]LogConfig: Setting CVar [[r.Streaming.PoolSize:1000]]
[2020.04.11-15.14.53:515][  0]LogConfig: Setting CVar [[r.Streaming.MaxEffectiveScreenSize:0]]
[2020.04.11-15.14.53:515][  0]LogConfig: Applying CVar settings from Section [EffectsQuality@3] File [E:/Unreal Projects/CavesTaint/Saved/Config/Windows/Scalability.ini]
[2020.04.11-15.14.53:515][  0]LogConfig: Setting CVar [[r.TranslucencyLightingVolumeDim:64]]
[2020.04.11-15.14.53:515][  0]LogConfig: Setting CVar [[r.RefractionQuality:2]]
[2020.04.11-15.14.53:515][  0]LogConfig: Setting CVar [[r.SSR.Quality:3]]
[2020.04.11-15.14.53:515][  0]LogConfig: Setting CVar [[r.SceneColorFormat:4]]
[2020.04.11-15.14.53:515][  0]LogConfig: Setting CVar [[r.DetailMode:2]]
[2020.04.11-15.14.53:515][  0]LogConfig: Setting CVar [[r.TranslucencyVolumeBlur:1]]
[2020.04.11-15.14.53:515][  0]LogConfig: Setting CVar [[r.MaterialQualityLevel:1 ; High quality]]
[2020.04.11-15.14.53:515][  0]LogConfig: Setting CVar [[r.SSS.Scale:1]]
[2020.04.11-15.14.53:515][  0]LogConfig: Setting CVar [[r.SSS.SampleSet:2]]
[2020.04.11-15.14.53:515][  0]LogConfig: Setting CVar [[r.SSS.Quality:1]]
[2020.04.11-15.14.53:515][  0]LogConfig: Setting CVar [[r.SSS.HalfRes:1]]
[2020.04.11-15.14.53:515][  0]LogConfig: Setting CVar [[r.EmitterSpawnRateScale:1.0]]
[2020.04.11-15.14.53:515][  0]LogConfig: Setting CVar [[r.ParticleLightQuality:2]]
[2020.04.11-15.14.53:515][  0]LogConfig: Applying CVar settings from Section [FoliageQuality@3] File [E:/Unreal Projects/CavesTaint/Saved/Config/Windows/Scalability.ini]
[2020.04.11-15.14.53:515][  0]LogConfig: Setting CVar [[foliage.DensityScale:1.0]]
[2020.04.11-15.14.53:515][  0]LogConfig: Setting CVar [[grass.DensityScale:1.0]]
[2020.04.11-15.14.53:529][  0]LogInit: Selected Device Profile: [Windows]
[2020.04.11-15.14.53:529][  0]LogInit: Applying CVar settings loaded from the selected device profile: [Windows]
[2020.04.11-15.14.53:591][  0]LogHAL: Display: Platform has ~ 16 GB [17110401024 / 17179869184 / 16], which maps to Larger [LargestMinGB=32, LargerMinGB=12, DefaultMinGB=8, SmallerMinGB=6, SmallestMinGB=0)
[2020.04.11-15.14.53:594][  0]LogConfig: Setting CVar [[r.Vulkan.UseRealUBs:0		; Required until we fix HLR fall-out]]
[2020.04.11-15.14.53:595][  0]LogInit: Going up to parent DeviceProfile []
[2020.04.11-15.14.53:595][  0]LogConfig: Applying CVar settings from Section [ViewDistanceQuality@3] File [E:/Unreal Projects/CavesTaint/Saved/Config/Windows/Scalability.ini]
[2020.04.11-15.14.53:595][  0]LogConfig: Setting CVar [[r.SkeletalMeshLODBias:0]]
[2020.04.11-15.14.53:595][  0]LogConfig: Setting CVar [[r.ViewDistanceScale:1.0]]
[2020.04.11-15.14.53:595][  0]LogConfig: Applying CVar settings from Section [AntiAliasingQuality@3] File [E:/Unreal Projects/CavesTaint/Saved/Config/Windows/Scalability.ini]
[2020.04.11-15.14.53:595][  0]LogConfig: Setting CVar [[r.PostProcessAAQuality:4]]
[2020.04.11-15.14.53:595][  0]LogConfig: Applying CVar settings from Section [ShadowQuality@3] File [E:/Unreal Projects/CavesTaint/Saved/Config/Windows/Scalability.ini]
[2020.04.11-15.14.53:595][  0]LogConfig: Setting CVar [[r.LightFunctionQuality:1]]
[2020.04.11-15.14.53:595][  0]LogConfig: Setting CVar [[r.ShadowQuality:5]]
[2020.04.11-15.14.53:595][  0]LogConfig: Setting CVar [[r.Shadow.CSM.MaxCascades:10]]
[2020.04.11-15.14.53:595][  0]LogConfig: Setting CVar [[r.Shadow.MaxResolution:2048]]
[2020.04.11-15.14.53:595][  0]LogConfig: Setting CVar [[r.Shadow.MaxCSMResolution:2048]]
[2020.04.11-15.14.53:595][  0]LogConfig: Setting CVar [[r.Shadow.RadiusThreshold:0.01]]
[2020.04.11-15.14.53:595][  0]LogConfig: Setting CVar [[r.Shadow.DistanceScale:1.0]]
[2020.04.11-15.14.53:596][  0]LogConfig: Setting CVar [[r.Shadow.CSM.TransitionScale:1.0]]
[2020.04.11-15.14.53:596][  0]LogConfig: Setting CVar [[r.Shadow.PreShadowResolutionFactor:1.0]]
[2020.04.11-15.14.53:596][  0]LogConfig: Setting CVar [[r.DistanceFieldShadowing:1]]
[2020.04.11-15.14.53:596][  0]LogConfig: Setting CVar [[r.DistanceFieldAO:1]]
[2020.04.11-15.14.53:596][  0]LogConfig: Setting CVar [[r.AOQuality:2]]
[2020.04.11-15.14.53:596][  0]LogConfig: Setting CVar [[r.VolumetricFog:1]]
[2020.04.11-15.14.53:596][  0]LogConfig: Setting CVar [[r.VolumetricFog.GridPixelSize:8]]
[2020.04.11-15.14.53:596][  0]LogConfig: Setting CVar [[r.VolumetricFog.GridSizeZ:128]]
[2020.04.11-15.14.53:596][  0]LogConfig: Setting CVar [[r.VolumetricFog.HistoryMissSupersampleCount:4]]
[2020.04.11-15.14.53:596][  0]LogConfig: Setting CVar [[r.LightMaxDrawDistanceScale:1]]
[2020.04.11-15.14.53:596][  0]LogConfig: Setting CVar [[r.CapsuleShadows:1]]
[2020.04.11-15.14.53:596][  0]LogConfig: Applying CVar settings from Section [PostProcessQuality@3] File [E:/Unreal Projects/CavesTaint/Saved/Config/Windows/Scalability.ini]
[2020.04.11-15.14.53:596][  0]LogConfig: Setting CVar [[r.MotionBlurQuality:4]]
[2020.04.11-15.14.53:596][  0]LogConfig: Setting CVar [[r.AmbientOcclusionMipLevelFactor:0.4]]
[2020.04.11-15.14.53:596][  0]LogConfig: Setting CVar [[r.AmbientOcclusionMaxQuality:100]]
[2020.04.11-15.14.53:596][  0]LogConfig: Setting CVar [[r.AmbientOcclusionLevels:-1]]
[2020.04.11-15.14.53:596][  0]LogConfig: Setting CVar [[r.AmbientOcclusionRadiusScale:1.0]]
[2020.04.11-15.14.53:596][  0]LogConfig: Setting CVar [[r.DepthOfFieldQuality:2]]
[2020.04.11-15.14.53:596][  0]LogConfig: Setting CVar [[r.RenderTargetPoolMin:400]]
[2020.04.11-15.14.53:596][  0]LogConfig: Setting CVar [[r.LensFlareQuality:2]]
[2020.04.11-15.14.53:596][  0]LogConfig: Setting CVar [[r.SceneColorFringeQuality:1]]
[2020.04.11-15.14.53:596][  0]LogConfig: Setting CVar [[r.EyeAdaptationQuality:2]]
[2020.04.11-15.14.53:596][  0]LogConfig: Setting CVar [[r.BloomQuality:5]]
[2020.04.11-15.14.53:596][  0]LogConfig: Setting CVar [[r.FastBlurThreshold:100]]
[2020.04.11-15.14.53:596][  0]LogConfig: Setting CVar [[r.Upscale.Quality:3]]
[2020.04.11-15.14.53:596][  0]LogConfig: Setting CVar [[r.Tonemapper.GrainQuantization:1]]
[2020.04.11-15.14.53:596][  0]LogConfig: Setting CVar [[r.LightShaftQuality:1]]
[2020.04.11-15.14.53:596][  0]LogConfig: Setting CVar [[r.Filter.SizeScale:1]]
[2020.04.11-15.14.53:596][  0]LogConfig: Setting CVar [[r.Tonemapper.Quality:5]]
[2020.04.11-15.14.53:596][  0]LogConfig: Setting CVar [[r.DOF.Gather.AccumulatorQuality:1        ; higher gathering accumulator quality]]
[2020.04.11-15.14.53:596][  0]LogConfig: Setting CVar [[r.DOF.Gather.PostfilterMethod:1          ; Median3x3 postfilering method]]
[2020.04.11-15.14.53:596][  0]LogConfig: Setting CVar [[r.DOF.Gather.EnableBokehSettings:0       ; no bokeh simulation when gathering]]
[2020.04.11-15.14.53:596][  0]LogConfig: Setting CVar [[r.DOF.Gather.RingCount:4                 ; medium number of samples when gathering]]
[2020.04.11-15.14.53:596][  0]LogConfig: Setting CVar [[r.DOF.Scatter.ForegroundCompositing:1    ; additive foreground scattering]]
[2020.04.11-15.14.53:596][  0]LogConfig: Setting CVar [[r.DOF.Scatter.BackgroundCompositing:2    ; additive background scattering]]
[2020.04.11-15.14.53:596][  0]LogConfig: Setting CVar [[r.DOF.Scatter.EnableBokehSettings:1      ; bokeh simulation when scattering]]
[2020.04.11-15.14.53:596][  0]LogConfig: Setting CVar [[r.DOF.Scatter.MaxSpriteRatio:0.1         ; only a maximum of 10% of scattered bokeh]]
[2020.04.11-15.14.53:596][  0]LogConfig: Setting CVar [[r.DOF.Recombine.Quality:1                ; cheap slight out of focus]]
[2020.04.11-15.14.53:596][  0]LogConfig: Setting CVar [[r.DOF.Recombine.EnableBokehSettings:0    ; no bokeh simulation on slight out of focus]]
[2020.04.11-15.14.53:596][  0]LogConfig: Setting CVar [[r.DOF.TemporalAAQuality:1                ; more stable temporal accumulation]]
[2020.04.11-15.14.53:596][  0]LogConfig: Setting CVar [[r.DOF.Kernel.MaxForegroundRadius:0.025]]
[2020.04.11-15.14.53:596][  0]LogConfig: Setting CVar [[r.DOF.Kernel.MaxBackgroundRadius:0.025]]
[2020.04.11-15.14.53:596][  0]LogConfig: Applying CVar settings from Section [TextureQuality@3] File [E:/Unreal Projects/CavesTaint/Saved/Config/Windows/Scalability.ini]
[2020.04.11-15.14.53:596][  0]LogConfig: Setting CVar [[r.Streaming.MipBias:0]]
[2020.04.11-15.14.53:596][  0]LogConfig: Setting CVar [[r.Streaming.AmortizeCPUToGPUCopy:0]]
[2020.04.11-15.14.53:596][  0]LogConfig: Setting CVar [[r.Streaming.MaxNumTexturesToStreamPerFrame:0]]
[2020.04.11-15.14.53:596][  0]LogConfig: Setting CVar [[r.Streaming.Boost:1]]
[2020.04.11-15.14.53:596][  0]LogConfig: Setting CVar [[r.MaxAnisotropy:8]]
[2020.04.11-15.14.53:596][  0]LogConfig: Setting CVar [[r.Streaming.LimitPoolSizeToVRAM:0]]
[2020.04.11-15.14.53:596][  0]LogConfig: Setting CVar [[r.Streaming.PoolSize:1000]]
[2020.04.11-15.14.53:596][  0]LogConfig: Setting CVar [[r.Streaming.MaxEffectiveScreenSize:0]]
[2020.04.11-15.14.53:596][  0]LogConfig: Applying CVar settings from Section [EffectsQuality@3] File [E:/Unreal Projects/CavesTaint/Saved/Config/Windows/Scalability.ini]
[2020.04.11-15.14.53:596][  0]LogConfig: Setting CVar [[r.TranslucencyLightingVolumeDim:64]]
[2020.04.11-15.14.53:596][  0]LogConfig: Setting CVar [[r.RefractionQuality:2]]
[2020.04.11-15.14.53:596][  0]LogConfig: Setting CVar [[r.SSR.Quality:3]]
[2020.04.11-15.14.53:596][  0]LogConfig: Setting CVar [[r.SceneColorFormat:4]]
[2020.04.11-15.14.53:596][  0]LogConfig: Setting CVar [[r.DetailMode:2]]
[2020.04.11-15.14.53:596][  0]LogConfig: Setting CVar [[r.TranslucencyVolumeBlur:1]]
[2020.04.11-15.14.53:596][  0]LogConfig: Setting CVar [[r.MaterialQualityLevel:1 ; High quality]]
[2020.04.11-15.14.53:596][  0]LogConfig: Setting CVar [[r.SSS.Scale:1]]
[2020.04.11-15.14.53:596][  0]LogConfig: Setting CVar [[r.SSS.SampleSet:2]]
[2020.04.11-15.14.53:596][  0]LogConfig: Setting CVar [[r.SSS.Quality:1]]
[2020.04.11-15.14.53:596][  0]LogConfig: Setting CVar [[r.SSS.HalfRes:1]]
[2020.04.11-15.14.53:596][  0]LogConfig: Setting CVar [[r.EmitterSpawnRateScale:1.0]]
[2020.04.11-15.14.53:596][  0]LogConfig: Setting CVar [[r.ParticleLightQuality:2]]
[2020.04.11-15.14.53:596][  0]LogConfig: Applying CVar settings from Section [FoliageQuality@3] File [E:/Unreal Projects/CavesTaint/Saved/Config/Windows/Scalability.ini]
[2020.04.11-15.14.53:597][  0]LogConfig: Setting CVar [[foliage.DensityScale:1.0]]
[2020.04.11-15.14.53:597][  0]LogConfig: Setting CVar [[grass.DensityScale:1.0]]
[2020.04.11-15.14.53:597][  0]LogConfig: Applying CVar settings from Section [Startup] File [../../../Engine/Config/ConsoleVariables.ini]
[2020.04.11-15.14.53:632][  0]LogConfig: Setting CVar [[net.UseAdaptiveNetUpdateFrequency:0]]
[2020.04.11-15.14.53:632][  0]LogConfig: Setting CVar [[p.chaos.AllowCreatePhysxBodies:1]]
[2020.04.11-15.14.53:632][  0]LogConfig: Applying CVar settings from Section [ConsoleVariables] File [E:/Unreal Projects/CavesTaint/Saved/Config/Windows/Engine.ini]
[2020.04.11-15.14.53:652][  0]LogInit: Computer: DESKTOP-72VFA2G
[2020.04.11-15.14.53:652][  0]LogInit: User: PC
[2020.04.11-15.14.53:652][  0]LogInit: CPU Page size=4096, Cores=4
[2020.04.11-15.14.53:652][  0]LogInit: High frequency timer resolution =10.000000 MHz
[2020.04.11-15.14.53:652][  0]LogMemory: Memory total: Physical=15.9GB (16GB approx)
[2020.04.11-15.14.53:652][  0]LogMemory: Platform Memory Stats for Windows
[2020.04.11-15.14.53:653][  0]LogMemory: Process Physical Memory: 96.58 MB used, 96.58 MB peak
[2020.04.11-15.14.53:653][  0]LogMemory: Process Virtual Memory: 88.95 MB used, 88.95 MB peak
[2020.04.11-15.14.53:653][  0]LogMemory: Physical Memory: 5693.15 MB used,  10624.60 MB free, 16317.75 MB total
[2020.04.11-15.14.53:653][  0]LogMemory: Virtual Memory: 4656.48 MB used,  134213072.00 MB free, 134217728.00 MB total
[2020.04.11-15.14.54:291][  0]LogInit: Using OS detected language (pl-PL).
[2020.04.11-15.14.54:291][  0]LogInit: Using OS detected locale (pl-PL).
[2020.04.11-15.14.54:332][  0]LogTextLocalizationManager: No specific localization for 'pl-PL' exists, so the 'pl' localization will be used.
[2020.04.11-15.14.54:338][  0]LogTextLocalizationResource: LocRes '../../../Engine/Content/Localization/Editor/pl/Editor.locres' could not be opened for reading!
[2020.04.11-15.14.54:338][  0]LogTextLocalizationResource: LocRes '../../../Engine/Content/Localization/EditorTutorials/pl/EditorTutorials.locres' could not be opened for reading!
[2020.04.11-15.14.54:338][  0]LogTextLocalizationResource: LocRes '../../../Engine/Content/Localization/Keywords/pl/Keywords.locres' could not be opened for reading!
[2020.04.11-15.14.54:338][  0]LogTextLocalizationResource: LocRes '../../../Engine/Content/Localization/Category/pl/Category.locres' could not be opened for reading!
[2020.04.11-15.14.54:339][  0]LogTextLocalizationResource: LocRes '../../../Engine/Content/Localization/ToolTips/pl/ToolTips.locres' could not be opened for reading!
[2020.04.11-15.14.54:339][  0]LogTextLocalizationResource: LocRes '../../../Engine/Content/Localization/PropertyNames/pl/PropertyNames.locres' could not be opened for reading!
[2020.04.11-15.14.54:339][  0]LogTextLocalizationResource: LocRes '../../../Engine/Content/Localization/Engine/pl/Engine.locres' could not be opened for reading!
[2020.04.11-15.14.54:465][  0]LogInit: Setting process to per monitor DPI aware
[2020.04.11-15.14.55:016][  0]LogSlate: New Slate User Created.  User Index 0, Is Virtual User: 0
[2020.04.11-15.14.55:016][  0]LogSlate: Slate User Registered.  User Index 0, Is Virtual User: 0
[2020.04.11-15.14.55:936][  0]LogHMD: Failed to initialize OpenVR with code 110
[2020.04.11-15.14.55:936][  0]LogD3D11RHI: D3D11 adapters:
[2020.04.11-15.14.56:039][  0]LogD3D11RHI:    0. 'NVIDIA GeForce GTX 650' (Feature Level 11_0)
[2020.04.11-15.14.56:039][  0]LogD3D11RHI:       2007/0/8158 MB DedicatedVideo/DedicatedSystem/SharedSystem, Outputs:2, VendorId:0x10de
[2020.04.11-15.14.56:041][  0]LogD3D11RHI:    1. 'Microsoft Basic Render Driver' (Feature Level 11_0)
[2020.04.11-15.14.56:041][  0]LogD3D11RHI:       0/0/8158 MB DedicatedVideo/DedicatedSystem/SharedSystem, Outputs:0, VendorId:0x1414
[2020.04.11-15.14.56:041][  0]LogD3D11RHI: Chosen D3D11 Adapter: 0
[2020.04.11-15.14.56:048][  0]LogD3D11RHI: Creating new Direct3DDevice
[2020.04.11-15.14.56:048][  0]LogD3D11RHI:     GPU DeviceId: 0xfc6 (for the marketing name, search the web for "GPU Device Id")
[2020.04.11-15.14.56:048][  0]LogWindows: EnumDisplayDevices:
[2020.04.11-15.14.56:049][  0]LogWindows:    0. 'NVIDIA GeForce GTX 650' (P:1 D:1)
[2020.04.11-15.14.56:049][  0]LogWindows:    1. 'NVIDIA GeForce GTX 650' (P:0 D:1)
[2020.04.11-15.14.56:050][  0]LogWindows:    2. 'NVIDIA GeForce GTX 650' (P:0 D:0)
[2020.04.11-15.14.56:050][  0]LogWindows: DebugString: FoundDriverCount:3 
[2020.04.11-15.14.56:050][  0]LogD3D11RHI:     Adapter Name: NVIDIA GeForce GTX 650
[2020.04.11-15.14.56:050][  0]LogD3D11RHI:   Driver Version: 436.02 (internal:26.21.14.3602, unified:436.02)
[2020.04.11-15.14.56:050][  0]LogD3D11RHI:      Driver Date: 8-16-2019
[2020.04.11-15.14.56:050][  0]LogRHI: Texture pool is 1404 MB (70% of 2007 MB)
[2020.04.11-15.14.56:110][  0]LogD3D11RHI: Async texture creation enabled
[2020.04.11-15.14.56:354][  0]LogRendererCore: FGlobalReadBuffer::InitRHI
[2020.04.11-15.14.56:365][  0]LogRendererCore: FGlobalReadBuffer::InitRHI
[2020.04.11-15.14.56:365][  0]LogRendererCore: FGlobalReadBuffer::InitRHI
[2020.04.11-15.14.56:407][  0]LogD3D11RHI: GPU Timing Frequency: 1000.000000 (Debug: 2 1)
[2020.04.11-15.14.57:406][  0]LogTemp: Display: Module 'AllDesktopTargetPlatform' loaded TargetPlatform 'AllDesktop'
[2020.04.11-15.14.57:437][  0]LogTemp: Display: Module 'MacClientTargetPlatform' loaded TargetPlatform 'MacClient'
[2020.04.11-15.14.57:482][  0]LogTemp: Display: Module 'MacNoEditorTargetPlatform' loaded TargetPlatform 'MacNoEditor'
[2020.04.11-15.14.57:606][  0]LogTemp: Display: Module 'MacServerTargetPlatform' loaded TargetPlatform 'MacServer'
[2020.04.11-15.14.57:678][  0]LogTemp: Display: Module 'MacTargetPlatform' loaded TargetPlatform 'Mac'
[2020.04.11-15.14.57:735][  0]LogTemp: Display: Module 'WindowsClientTargetPlatform' loaded TargetPlatform 'WindowsClient'
[2020.04.11-15.14.57:784][  0]LogTemp: Display: Module 'WindowsNoEditorTargetPlatform' loaded TargetPlatform 'WindowsNoEditor'
[2020.04.11-15.14.57:873][  0]LogTemp: Display: Module 'WindowsServerTargetPlatform' loaded TargetPlatform 'WindowsServer'
[2020.04.11-15.14.57:906][  0]LogTemp: Display: Module 'WindowsTargetPlatform' loaded TargetPlatform 'Windows'
[2020.04.11-15.14.58:062][  0]LogTemp: Display: Module 'AndroidTargetPlatform' loaded TargetPlatform 'Android'
[2020.04.11-15.14.58:062][  0]LogTemp: Display: Module 'AndroidTargetPlatform' loaded TargetPlatform 'Android_ASTC'
[2020.04.11-15.14.58:062][  0]LogTemp: Display: Module 'AndroidTargetPlatform' loaded TargetPlatform 'Android_ATC'
[2020.04.11-15.14.58:062][  0]LogTemp: Display: Module 'AndroidTargetPlatform' loaded TargetPlatform 'Android_DXT'
[2020.04.11-15.14.58:062][  0]LogTemp: Display: Module 'AndroidTargetPlatform' loaded TargetPlatform 'Android_ETC1'
[2020.04.11-15.14.58:062][  0]LogTemp: Display: Module 'AndroidTargetPlatform' loaded TargetPlatform 'Android_ETC1a'
[2020.04.11-15.14.58:062][  0]LogTemp: Display: Module 'AndroidTargetPlatform' loaded TargetPlatform 'Android_ETC2'
[2020.04.11-15.14.58:062][  0]LogTemp: Display: Module 'AndroidTargetPlatform' loaded TargetPlatform 'Android_PVRTC'
[2020.04.11-15.14.58:062][  0]LogTemp: Display: Module 'AndroidTargetPlatform' loaded TargetPlatform 'AndroidClient'
[2020.04.11-15.14.58:062][  0]LogTemp: Display: Module 'AndroidTargetPlatform' loaded TargetPlatform 'Android_ASTCClient'
[2020.04.11-15.14.58:062][  0]LogTemp: Display: Module 'AndroidTargetPlatform' loaded TargetPlatform 'Android_ATCClient'
[2020.04.11-15.14.58:062][  0]LogTemp: Display: Module 'AndroidTargetPlatform' loaded TargetPlatform 'Android_DXTClient'
[2020.04.11-15.14.58:062][  0]LogTemp: Display: Module 'AndroidTargetPlatform' loaded TargetPlatform 'Android_ETC1Client'
[2020.04.11-15.14.58:062][  0]LogTemp: Display: Module 'AndroidTargetPlatform' loaded TargetPlatform 'Android_ETC1aClient'
[2020.04.11-15.14.58:063][  0]LogTemp: Display: Module 'AndroidTargetPlatform' loaded TargetPlatform 'Android_ETC2Client'
[2020.04.11-15.14.58:063][  0]LogTemp: Display: Module 'AndroidTargetPlatform' loaded TargetPlatform 'Android_PVRTCClient'
[2020.04.11-15.14.58:063][  0]LogTemp: Display: Module 'AndroidTargetPlatform' loaded TargetPlatform 'Android_Multi'
[2020.04.11-15.14.58:063][  0]LogTemp: Display: Module 'AndroidTargetPlatform' loaded TargetPlatform 'Android_MultiClient'
[2020.04.11-15.14.58:136][  0]LogTemp: Display: Module 'HTML5TargetPlatform' loaded TargetPlatform 'HTML5'
[2020.04.11-15.14.58:256][  0]LogTemp: Display: Module 'IOSTargetPlatform' loaded TargetPlatform 'IOSClient'
[2020.04.11-15.14.58:256][  0]LogTemp: Display: Module 'IOSTargetPlatform' loaded TargetPlatform 'IOS'
[2020.04.11-15.14.58:313][  0]LogTemp: Display: Module 'TVOSTargetPlatform' loaded TargetPlatform 'TVOSClient'
[2020.04.11-15.14.58:313][  0]LogTemp: Display: Module 'TVOSTargetPlatform' loaded TargetPlatform 'TVOS'
[2020.04.11-15.14.58:367][  0]LogTemp: Display: Module 'LinuxClientTargetPlatform' loaded TargetPlatform 'LinuxClient'
[2020.04.11-15.14.58:394][  0]LogTemp: Display: Module 'LinuxNoEditorTargetPlatform' loaded TargetPlatform 'LinuxNoEditor'
[2020.04.11-15.14.58:422][  0]LogTemp: Display: Module 'LinuxServerTargetPlatform' loaded TargetPlatform 'LinuxServer'
[2020.04.11-15.14.58:453][  0]LogTemp: Display: Module 'LinuxTargetPlatform' loaded TargetPlatform 'Linux'
[2020.04.11-15.14.58:548][  0]LogTemp: Display: Module 'LuminTargetPlatform' loaded TargetPlatform 'Lumin'
[2020.04.11-15.14.58:548][  0]LogTemp: Display: Module 'LuminTargetPlatform' loaded TargetPlatform 'LuminClient'
[2020.04.11-15.14.58:548][  0]LogTargetPlatformManager: Display: Building Assets For Windows
[2020.04.11-15.14.58:777][  0]LogAudioDebug: Display: Lib vorbis DLL was dynamically loaded.
[2020.04.11-15.14.59:733][  0]LogShaderCompilers: Guid format shader working directory is 13 characters bigger than the processId version (E:/Unreal Projects/CavesTaint/Intermediate/Shaders/WorkingDirectory/16616/).
[2020.04.11-15.14.59:733][  0]LogShaderCompilers: Cleaned the shader compiler working directory 'C:/Users/PC/AppData/Local/Temp/UnrealShaderWorkingDir/9B28221F4E45ADE2C10D3CA92E76EE75/'.
[2020.04.11-15.14.59:746][  0]LogXGEController: Cleaning working directory: C:/Users/PC/AppData/Local/Temp/UnrealXGEWorkingDir/
[2020.04.11-15.14.59:746][  0]LogXGEController: Cannot use XGE Controller as Incredibuild is not installed on this machine.
[2020.04.11-15.14.59:747][  0]LogShaderCompilers: Cannot use XGE Shader Compiler as Incredibuild is not installed on this machine.
[2020.04.11-15.14.59:747][  0]LogShaderCompilers: Display: Using Local Shader Compiler.
[2020.04.11-15.15.03:520][  0]LogDerivedDataCache: Display: Max Cache Size: 512 MB
[2020.04.11-15.15.03:857][  0]LogDerivedDataCache: Loaded boot cache 0.34s 71MB C:/Users/PC/AppData/Local/UnrealEngine/4.22/DerivedDataCache/Boot.ddc.
[2020.04.11-15.15.03:857][  0]LogDerivedDataCache: Display: Loaded Boot cache: C:/Users/PC/AppData/Local/UnrealEngine/4.22/DerivedDataCache/Boot.ddc
[2020.04.11-15.15.03:857][  0]LogDerivedDataCache: FDerivedDataBackendGraph:  Pak pak cache file E:/Unreal Projects/CavesTaint/DerivedDataCache/DDC.ddp not found, will not use a pak cache.
[2020.04.11-15.15.03:857][  0]LogDerivedDataCache: Unable to find inner node Pak for hierarchical cache Hierarchy.
[2020.04.11-15.15.03:857][  0]LogDerivedDataCache: FDerivedDataBackendGraph:  CompressedPak pak cache file E:/Unreal Projects/CavesTaint/DerivedDataCache/Compressed.ddp not found, will not use a pak cache.
[2020.04.11-15.15.03:858][  0]LogDerivedDataCache: Unable to find inner node CompressedPak for hierarchical cache Hierarchy.
[2020.04.11-15.15.03:888][  0]LogDerivedDataCache: Display: Pak cache opened for reading ../../../Engine/DerivedDataCache/Compressed.ddp.
[2020.04.11-15.15.03:888][  0]LogDerivedDataCache: FDerivedDataBackendGraph:  EnterprisePak pak cache file ../../../Enterprise/DerivedDataCache/Compressed.ddp not found, will not use a pak cache.
[2020.04.11-15.15.03:888][  0]LogDerivedDataCache: Unable to find inner node EnterprisePak for hierarchical cache Hierarchy.
[2020.04.11-15.15.03:901][  0]LogDerivedDataCache: Using Local data cache path C:/Users/PC/AppData/Local/UnrealEngine/Common/DerivedDataCache: Writable
[2020.04.11-15.15.03:901][  0]LogDerivedDataCache: Shared data cache path not found in *engine.ini, will not use an Shared cache.
[2020.04.11-15.15.03:901][  0]LogDerivedDataCache: Unable to find inner node Shared for hierarchical cache Hierarchy.
[2020.04.11-15.15.03:980][  0]LogMaterial: Verifying Global Shaders for PCD3D_SM5
[2020.04.11-15.15.04:100][  0]LogSlate: Using FreeType 2.6.0
[2020.04.11-15.15.04:195][  0]LogSlate: SlateFontServices - WITH_FREETYPE: 1, WITH_HARFBUZZ: 1
[2020.04.11-15.15.04:889][  0]LogAssetRegistry: FAssetRegistry took 0.0469 seconds to start up
[2020.04.11-15.15.10:512][  0]LogInit: Selected Device Profile: [Windows]
[2020.04.11-15.15.11:980][  0]LogMeshReduction: Using QuadricMeshReduction for automatic static mesh reduction
[2020.04.11-15.15.11:980][  0]LogMeshReduction: Using SimplygonMeshReduction for automatic skeletal mesh reduction
[2020.04.11-15.15.11:980][  0]LogMeshReduction: Using ProxyLODMeshReduction for automatic mesh merging
[2020.04.11-15.15.11:980][  0]LogMeshReduction: No distributed automatic mesh merging module available
[2020.04.11-15.15.11:980][  0]LogMeshMerging: No distributed automatic mesh merging module available
[2020.04.11-15.15.12:467][  0]LogNetVersion: CavesTaint 1.0.0, NetCL: 5660361, EngineNetVer: 10, GameNetVer: 0 (Checksum: 4193650340)
[2020.04.11-15.15.16:119][  0]LogPackageLocalizationCache: Processed 11 localized package path(s) for 1 prioritized culture(s) in 0.081252 seconds
[2020.04.11-15.15.16:143][  0]LogUObjectArray: 42205 objects as part of root set at end of initial load.
[2020.04.11-15.15.16:143][  0]LogUObjectAllocator: 7325032 out of 0 bytes used by permanent object pool.
[2020.04.11-15.15.16:143][  0]LogUObjectArray: CloseDisregardForGC: 0/0 objects in disregard for GC pool
[2020.04.11-15.15.28:006][  0]LogTcpMessaging: Initializing TcpMessaging bridge
[2020.04.11-15.15.28:048][  0]LogUdpMessaging: Initializing bridge on interface 0.0.0.0:0 to multicast group 230.0.0.1:6666.
[2020.04.11-15.15.29:151][  0]SourceControl: Source control is disabled
[2020.04.11-15.15.29:151][  0]SourceControl: Source control is disabled
[2020.04.11-15.15.29:252][  0]SourceControl: Source control is disabled
[2020.04.11-15.15.29:367][  0]SourceControl: Source control is disabled
[2020.04.11-15.15.31:341][  0]LogAndroidPermission: UAndroidPermissionCallbackProxy::GetInstance
[2020.04.11-15.15.32:060][  0]LogOcInput: OculusInput pre-init called
[2020.04.11-15.15.35:733][  0]LogEngine: Initializing Engine...
[2020.04.11-15.15.35:877][  0]LogHMD: Failed to initialize OpenVR with code 110
[2020.04.11-15.15.35:905][  0]LogStats: UGameplayTagsManager::InitializeManager -  0.011 s
[2020.04.11-15.15.36:530][  0]LogInit: Initializing FReadOnlyCVARCache
[2020.04.11-15.15.37:037][  0]LogAIModule: Creating AISystem for world Untitled
[2020.04.11-15.15.37:319][  0]LogInit: XAudio2 using 'Głośniki (Realtek High Definition Audio)' : 2 channels at 48 kHz using 32 bits per sample (channel mask 0x3)
[2020.04.11-15.15.37:359][  0]LogInit: FAudioDevice initialized.
[2020.04.11-15.15.37:360][  0]LogNetVersion: Set ProjectVersion to 1.0.0.0. Version Checksum will be recalculated on next use.
[2020.04.11-15.15.37:506][  0]LogDerivedDataCache: Saved boot cache 0.15s 71MB C:/Users/PC/AppData/Local/UnrealEngine/4.22/DerivedDataCache/Boot.ddc.
[2020.04.11-15.15.37:513][  0]LogInit: Texture streaming: Enabled
[2020.04.11-15.15.37:702][  0]LogEngineSessionManager: EngineSessionManager initialized
[2020.04.11-15.15.38:081][  0]LogInit: Transaction tracking system initialized
[2020.04.11-15.15.38:642][  0]BlueprintLog: New page: Editor Load
[2020.04.11-15.15.40:535][  0]LocalizationService: Localization service is disabled
[2020.04.11-15.15.43:870][  0]LogFileCache: Scanning file cache for directory 'E:/Unreal Projects/CavesTaint/Content/' took 0.02s
[2020.04.11-15.15.43:870][  0]LogCook: Display: Max memory allowance for cook 16384mb min free memory 0mb
[2020.04.11-15.15.43:870][  0]LogCook: Display: Mobile HDR setting 1
[2020.04.11-15.15.48:733][  0]SourceControl: Source control is disabled
[2020.04.11-15.15.48:778][  0]Cmd: MAP LOAD FILE="E:/Unreal Projects/CavesTaint/Content/Map/NewMap.umap" TEMPLATE=0 SHOWPROGRESS=1 FEATURELEVEL=3
[2020.04.11-15.15.48:793][  0]LightingResults: New page: Lighting Build
[2020.04.11-15.15.49:066][  0]MapCheck: New page: Map Check
[2020.04.11-15.15.49:066][  0]LightingResults: New page: Lighting Build
[2020.04.11-15.15.49:410][  0]LogUObjectHash: Compacting FUObjectHashTables data took   1.83ms
[2020.04.11-15.15.50:187][  0]LogAIModule: Creating AISystem for world NewMap
[2020.04.11-15.15.50:727][  0]LogEditorServer: Finished looking for orphan Actors (0.000 secs)
[2020.04.11-15.15.50:808][  0]LogUObjectHash: Compacting FUObjectHashTables data took   3.34ms
[2020.04.11-15.15.50:808][  0]Cmd: MAP CHECKDEP NOCLEARLOG
[2020.04.11-15.15.50:808][  0]MapCheck: Map check complete: 0 Error(s), 0 Warning(s), took 0,134ms to complete.
[2020.04.11-15.15.50:808][  0]LogFileHelpers: Loading map 'NewMap' took 2.052
[2020.04.11-15.15.52:744][  0]LogSlate: Updating window title bar state: overlay mode, drag disabled, window buttons hidden, title bar hidden
[2020.04.11-15.15.52:754][  0]LogSlate: Updating window title bar state: overlay mode, drag disabled, window buttons hidden, title bar hidden
[2020.04.11-15.15.52:763][  0]LogSlate: Updating window title bar state: overlay mode, drag disabled, window buttons hidden, title bar hidden
[2020.04.11-15.15.52:771][  0]LogSlate: Updating window title bar state: overlay mode, drag disabled, window buttons hidden, title bar hidden
[2020.04.11-15.15.52:906][  0]LogCollectionManager: Loaded 0 collections in 0.001634 seconds
[2020.04.11-15.15.53:139][  0]LogFileCache: Scanning file cache for directory 'E:/Unreal Projects/CavesTaint/Saved/Collections/' took 0.01s
[2020.04.11-15.15.53:139][  0]LogFileCache: Scanning file cache for directory 'E:/Unreal Projects/CavesTaint/Content/Developers/PC/Collections/' took 0.01s
[2020.04.11-15.15.53:139][  0]LogFileCache: Scanning file cache for directory 'E:/Unreal Projects/CavesTaint/Content/Collections/' took 0.01s
[2020.04.11-15.15.53:139][  0]LogCollectionManager: Rebuilt the GUID cache for 0 collections in 0.000001 seconds
[2020.04.11-15.15.53:164][  0]LogContentBrowser: Native class hierarchy populated in 0.0236 seconds. Added 2746 classes and 668 folders.
[2020.04.11-15.15.53:288][  0]LogContentBrowser: Native class hierarchy updated for 'WidgetCarousel' in 0.0004 seconds. Added 0 classes and 0 folders.
[2020.04.11-15.15.53:412][  0]LogPakFile: Registered encryption key '00000000000000000000000000000000': 0 pak files mounted, 0 remain pending
[2020.04.11-15.15.53:457][  0]LogPakFile: Registered encryption key '00000000000000000000000000000000': 0 pak files mounted, 0 remain pending
[2020.04.11-15.15.53:467][  0]LogPakFile: Registered encryption key '00000000000000000000000000000000': 0 pak files mounted, 0 remain pending
[2020.04.11-15.15.53:490][  0]LogPakFile: Registered encryption key '00000000000000000000000000000000': 0 pak files mounted, 0 remain pending
[2020.04.11-15.15.53:514][  0]LogPakFile: Registered encryption key '00000000000000000000000000000000': 0 pak files mounted, 0 remain pending
[2020.04.11-15.15.53:529][  0]LogPakFile: Registered encryption key '00000000000000000000000000000000': 0 pak files mounted, 0 remain pending
[2020.04.11-15.15.53:538][  0]LogPakFile: Registered encryption key '00000000000000000000000000000000': 0 pak files mounted, 0 remain pending
[2020.04.11-15.15.53:626][  0]LogPakFile: Registered encryption key '00000000000000000000000000000000': 0 pak files mounted, 0 remain pending
[2020.04.11-15.15.53:651][  0]LogPakFile: Registered encryption key '00000000000000000000000000000000': 0 pak files mounted, 0 remain pending
[2020.04.11-15.15.53:676][  0]LogPakFile: Registered encryption key '00000000000000000000000000000000': 0 pak files mounted, 0 remain pending
[2020.04.11-15.15.53:706][  0]LogPakFile: Registered encryption key '00000000000000000000000000000000': 0 pak files mounted, 0 remain pending
[2020.04.11-15.15.53:728][  0]LogPakFile: Registered encryption key '00000000000000000000000000000000': 0 pak files mounted, 0 remain pending
[2020.04.11-15.15.53:757][  0]LogPakFile: Registered encryption key '00000000000000000000000000000000': 0 pak files mounted, 0 remain pending
[2020.04.11-15.15.53:768][  0]LogPakFile: Registered encryption key '00000000000000000000000000000000': 0 pak files mounted, 0 remain pending
[2020.04.11-15.15.53:775][  0]LogPakFile: Registered encryption key '00000000000000000000000000000000': 0 pak files mounted, 0 remain pending
[2020.04.11-15.15.53:810][  0]LogPakFile: Registered encryption key '00000000000000000000000000000000': 0 pak files mounted, 0 remain pending
[2020.04.11-15.15.53:907][  0]LogPakFile: Registered encryption key '00000000000000000000000000000000': 0 pak files mounted, 0 remain pending
[2020.04.11-15.15.53:941][  0]LogPakFile: Registered encryption key '00000000000000000000000000000000': 0 pak files mounted, 0 remain pending
[2020.04.11-15.15.53:970][  0]LogPakFile: Registered encryption key '00000000000000000000000000000000': 0 pak files mounted, 0 remain pending
[2020.04.11-15.15.53:977][  0]LogPakFile: Registered encryption key '00000000000000000000000000000000': 0 pak files mounted, 0 remain pending
[2020.04.11-15.15.54:006][  0]LogPakFile: Registered encryption key '00000000000000000000000000000000': 0 pak files mounted, 0 remain pending
[2020.04.11-15.15.54:051][  0]LogPakFile: Registered encryption key '00000000000000000000000000000000': 0 pak files mounted, 0 remain pending
[2020.04.11-15.15.54:067][  0]LogPakFile: Registered encryption key '00000000000000000000000000000000': 0 pak files mounted, 0 remain pending
[2020.04.11-15.15.54:187][  0]LogPakFile: Registered encryption key '00000000000000000000000000000000': 0 pak files mounted, 0 remain pending
[2020.04.11-15.15.54:204][  0]LogPakFile: Registered encryption key '00000000000000000000000000000000': 0 pak files mounted, 0 remain pending
[2020.04.11-15.15.54:222][  0]LogPakFile: Registered encryption key '00000000000000000000000000000000': 0 pak files mounted, 0 remain pending
[2020.04.11-15.15.54:881][  0]LogContentBrowser: Native class hierarchy updated for 'AddContentDialog' in 0.0004 seconds. Added 0 classes and 0 folders.
[2020.04.11-15.15.54:967][  0]LogContentBrowser: Native class hierarchy updated for 'SceneOutliner' in 0.0004 seconds. Added 1 classes and 2 folders.
[2020.04.11-15.15.55:657][  0]LogSlate: Took 0.018497 seconds to synchronously load lazily loaded font '../../../Engine/Content/Slate/Fonts/Roboto-Regular.ttf' (155K)
[2020.04.11-15.15.55:668][  0]LogSlate: Took 0.009461 seconds to synchronously load lazily loaded font '../../../Engine/Content/Slate/Fonts/Roboto-Bold.ttf' (160K)
[2020.04.11-15.15.55:722][  0]LogSlate: Took 0.015399 seconds to synchronously load lazily loaded font '../../../Engine/Content/Editor/Slate/Fonts/FontAwesome.ttf' (139K)
[2020.04.11-15.15.56:169][  0]LogRenderer: Reallocating scene render targets to support 1208x600 Format 10 NumSamples 1 (Frame:1).
[2020.04.11-15.15.56:579][  0]LogSlate: Took 0.013371 seconds to synchronously load lazily loaded font '../../../Engine/Content/Slate/Fonts/Roboto-Light.ttf' (167K)
[2020.04.11-15.15.56:960][  0]LogContentBrowser: Native class hierarchy updated for 'HierarchicalLODOutliner' in 0.0004 seconds. Added 0 classes and 0 folders.
[2020.04.11-15.15.56:960][  0]LogLoad: (Engine Initialization) Total time: 81.80 seconds
[2020.04.11-15.15.56:960][  0]LogLoad: (Engine Initialization) Total Blueprint compile time: 0.00 seconds
[2020.04.11-15.15.57:318][  0]LogContentStreaming: Texture pool size now 1000 MB
[2020.04.11-15.15.57:658][  1]LogAssetRegistry: Asset discovery search completed in 52.7918 seconds
[2020.04.11-15.15.57:685][  1]LogCollectionManager: Rebuilt the object cache for 0 collections in 0.000000 seconds (found 0 objects)
[2020.04.11-15.15.57:685][  1]LogCollectionManager: Fixed up redirectors for 0 collections in 0.014630 seconds (updated 0 objects)
[2020.04.11-15.17.07:966][328]LogSlate: FSceneViewport::OnFocusLost() reason 0
[2020.04.11-15.17.08:100][340]LogVSAccessor: Warning: Couldn't access Visual Studio
[2020.04.11-15.17.08:203][340]Candidate modules for hot reload:
[2020.04.11-15.17.08:203][340]  SimplexNoise
[2020.04.11-15.17.08:204][340]  CavesTaint
[2020.04.11-15.17.08:204][340]Launching UnrealBuildTool... [D:/Program Files/Epic Games/UE_4.22/Engine/Binaries/DotNET/UnrealBuildTool.exe  -ModuleWithSuffix=SimplexNoise,7240 -ModuleWithSuffix=CavesTaint,94 Win64 Development -TargetType=Editor -Project="E:/Unreal Projects/CavesTaint/CavesTaint.uproject" "E:/Unreal Projects/CavesTaint/CavesTaint.uproject"  -IgnoreJunk]
[2020.04.11-15.17.08:209][340]Warning: Starting HotReload took  0.1s.
[2020.04.11-15.17.56:129][634]CompilerResultsLog: New page: Compilation - 11 kwi 2020, 19:17:56
[2020.04.11-15.17.56:142][634]CompilerResultsLog: Using 'git status' to determine working set for adaptive non-unity build (E:\Unreal Projects\CavesTaint).
[2020.04.11-15.17.56:142][634]CompilerResultsLog: Creating makefile for CavesTaintEditor (ini files are newer than makefile)
[2020.04.11-15.17.56:142][634]CompilerResultsLog: Parsing headers for CavesTaintEditor
[2020.04.11-15.17.56:142][634]CompilerResultsLog:   Running UnrealHeaderTool "E:\Unreal Projects\CavesTaint\CavesTaint.uproject" "E:\Unreal Projects\CavesTaint\Intermediate\Build\Win64\CavesTaintEditor\Development\CavesTaintEditor.uhtmanifest" -LogCmds="loginit warning, logexit warning, logdatabase error" -Unattended -WarningsAsErrors -installed
[2020.04.11-15.17.56:142][634]CompilerResultsLog: Reflection code generated for CavesTaintEditor in 20,1855715 seconds
[2020.04.11-15.17.56:142][634]CompilerResultsLog: Using Visual Studio 2017 14.16.27023 toolchain (E:\Program Files (x86)\Microsoft Visual Studio\2017\Community\VC\Tools\MSVC\14.16.27023) and Windows 10.0.17763.0 SDK (E:\Windows Kits\10).
[2020.04.11-15.17.56:142][634]CompilerResultsLog: Building 5 actions with 8 processes...
[2020.04.11-15.17.56:142][634]CompilerResultsLog:   [1/5] UE4Editor-SimplexNoise-7240.lib
[2020.04.11-15.17.56:142][634]CompilerResultsLog:      Trwa tworzenie biblioteki E:\Unreal Projects\CavesTaint\Plugins\SimplexNoise-master\Intermediate\Build\Win64\UE4Editor\Development\SimplexNoise\UE4Editor-SimplexNoise-7240.lib i obiektu E:\Unreal Projects\CavesTaint\Plugins\SimplexNoise-master\Intermediate\Build\Win64\UE4Editor\Development\SimplexNoise\UE4Editor-SimplexNoise-7240.exp
[2020.04.11-15.17.56:142][634]CompilerResultsLog:   [2/5] UE4Editor-CavesTaint-0094.lib
[2020.04.11-15.17.56:142][634]CompilerResultsLog:      Trwa tworzenie biblioteki E:\Unreal Projects\CavesTaint\Intermediate\Build\Win64\UE4Editor\Development\CavesTaint\UE4Editor-CavesTaint-0094.lib i obiektu E:\Unreal Projects\CavesTaint\Intermediate\Build\Win64\UE4Editor\Development\CavesTaint\UE4Editor-CavesTaint-0094.exp
[2020.04.11-15.17.56:142][634]CompilerResultsLog:   [3/5] UE4Editor-SimplexNoise-7240.dll
[2020.04.11-15.17.56:142][634]CompilerResultsLog:      Trwa tworzenie biblioteki E:\Unreal Projects\CavesTaint\Plugins\SimplexNoise-master\Intermediate\Build\Win64\UE4Editor\Development\SimplexNoise\UE4Editor-SimplexNoise-7240.suppressed.lib i obiektu E:\Unreal Projects\CavesTaint\Plugins\SimplexNoise-master\Intermediate\Build\Win64\UE4Editor\Development\SimplexNoise\UE4Editor-SimplexNoise-7240.suppressed.exp
[2020.04.11-15.17.56:142][634]CompilerResultsLog:   [4/5] UE4Editor-CavesTaint-0094.dll
[2020.04.11-15.17.56:142][634]CompilerResultsLog:      Trwa tworzenie biblioteki E:\Unreal Projects\CavesTaint\Intermediate\Build\Win64\UE4Editor\Development\CavesTaint\UE4Editor-CavesTaint-0094.suppressed.lib i obiektu E:\Unreal Projects\CavesTaint\Intermediate\Build\Win64\UE4Editor\Development\CavesTaint\UE4Editor-CavesTaint-0094.suppressed.exp
[2020.04.11-15.17.56:142][634]CompilerResultsLog:   [5/5] CavesTaintEditor.target
[2020.04.11-15.17.56:142][634]CompilerResultsLog: Total time in Parallel executor: 16,89 seconds
[2020.04.11-15.17.56:142][634]CompilerResultsLog: Total execution time: 47,72 seconds
[2020.04.11-15.17.56:152][634]LogMainFrame: MainFrame: Module compiling took 48.051 seconds
[2020.04.11-15.17.56:233][634]LogUObjectHash: Compacting FUObjectHashTables data took   0.79ms
[2020.04.11-15.17.56:364][634]LogContentBrowser: Native class hierarchy updated for 'SimplexNoise' in 0.0004 seconds. Added 1 classes and 3 folders.
[2020.04.11-15.17.56:366][634]Display: HotReload successful (13 functions remapped  0 scriptstructs remapped)
[2020.04.11-15.17.57:096][634]LogUObjectHash: Compacting FUObjectHashTables data took   1.22ms
[2020.04.11-15.17.57:155][634]LogContentBrowser: Native class hierarchy populated in 0.0099 seconds. Added 2747 classes and 670 folders.
[2020.04.11-15.17.57:333][634]Display: HotReload took 49.2s.
[2020.04.11-15.53.43:805][  1]LogUObjectHash: Compacting FUObjectHashTables data took   0.77ms
[2020.04.11-15.53.44:002][  1]LogSlate: Window 'CavesTaint - Unreal Editor' being destroyed
[2020.04.11-15.53.44:856][  2]Cmd: QUIT_EDITOR
[2020.04.11-15.53.45:279][  2]LogWindowsTextInputMethodSystem: Display: IME system now deactivated.
[2020.04.11-15.53.45:410][  2]LogExit: Preparing to exit.
[2020.04.11-15.53.46:903][  2]LogExit: Editor shut down
[2020.04.11-15.53.46:904][  2]LogExit: Transaction tracking system shut down
[2020.04.11-15.53.49:745][  2]LogExit: Object subsystem successfully closed.
[2020.04.11-15.53.50:136][  2]LogShaderCompilers: Display: Shaders left to compile 0
[2020.04.11-15.53.50:169][  2]LogD3D11RHI: Shutdown
[2020.04.11-15.53.50:169][  2]LogD3D11RHI: CleanupD3DDevice
[2020.04.11-15.53.50:189][  2]LogRendererCore: FGlobalReadBuffer::ReleaseRHI
[2020.04.11-15.53.50:189][  2]LogRendererCore: FGlobalDynamicReadBuffer::Cleanup()
[2020.04.11-15.53.50:211][  2]LogRendererCore: FGlobalReadBuffer::ReleaseRHI
[2020.04.11-15.53.50:211][  2]LogRendererCore: FGlobalDynamicReadBuffer::Cleanup()
[2020.04.11-15.53.50:211][  2]LogRendererCore: FGlobalReadBuffer::ReleaseRHI
[2020.04.11-15.53.50:211][  2]LogRendererCore: FGlobalDynamicReadBuffer::Cleanup()
[2020.04.11-15.53.50:278][  2]LogD3D11RHI: ~FD3D11DynamicRHI
[2020.04.11-15.53.51:869][  2]LogModuleManager: Shutting down and abandoning module SimplexNoise (649)
[2020.04.11-15.53.51:869][  2]LogModuleManager: Shutting down and abandoning module HierarchicalLODOutliner (648)
[2020.04.11-15.53.51:869][  2]LogModuleManager: Shutting down and abandoning module SceneOutliner (646)
[2020.04.11-15.53.51:869][  2]LogModuleManager: Shutting down and abandoning module AddContentDialog (644)
[2020.04.11-15.53.51:904][  2]LogModuleManager: Shutting down and abandoning module WidgetCarousel (643)
[2020.04.11-15.53.51:904][  2]LogModuleManager: Shutting down and abandoning module EditorWidgets (640)
[2020.04.11-15.53.51:904][  2]LogModuleManager: Shutting down and abandoning module CollectionManager (638)
[2020.04.11-15.53.51:920][  2]LogModuleManager: Shutting down and abandoning module StatsViewer (636)
[2020.04.11-15.53.51:934][  2]LogModuleManager: Shutting down and abandoning module FoliageEdit (634)
[2020.04.11-15.53.51:945][  2]LogModuleManager: Shutting down and abandoning module LandscapeEditor (632)
[2020.04.11-15.53.52:074][  2]LogModuleManager: Shutting down and abandoning module MeshPaintMode (630)
[2020.04.11-15.53.52:080][  2]LogModuleManager: Shutting down and abandoning module SceneDepthPickerMode (628)
[2020.04.11-15.53.52:080][  2]LogModuleManager: Shutting down and abandoning module ActorPickerMode (626)
[2020.04.11-15.53.52:080][  2]LogModuleManager: Shutting down and abandoning module GeometryMode (624)
[2020.04.11-15.53.52:080][  2]LogModuleManager: Shutting down and abandoning module TextureAlignMode (622)
[2020.04.11-15.53.52:080][  2]LogModuleManager: Shutting down and abandoning module BspMode (620)
[2020.04.11-15.53.52:104][  2]LogModuleManager: Shutting down and abandoning module PIEPreviewDeviceProfileSelector (618)
[2020.04.11-15.53.52:118][  2]LogModuleManager: Shutting down and abandoning module SequenceRecorderSections (616)
[2020.04.11-15.53.52:131][  2]LogModuleManager: Shutting down and abandoning module AutomationWorker (614)
[2020.04.11-15.53.52:145][  2]LogModuleManager: Shutting down and abandoning module OculusMR (612)
[2020.04.11-15.53.52:145][  2]LogModuleManager: Shutting down and abandoning module AudioCaptureEditor (610)
[2020.04.11-15.53.52:154][  2]LogModuleManager: Shutting down and abandoning module MatineeToLevelSequence (608)
[2020.04.11-15.53.52:170][  2]LogModuleManager: Shutting down and abandoning module LevelSequenceEditor (606)
[2020.04.11-15.53.52:188][  2]LogModuleManager: Shutting down and abandoning module PlacementMode (605)
[2020.04.11-15.53.52:189][  2]LogModuleManager: Shutting down and abandoning module MaterialEditor (604)
[2020.04.11-15.53.52:280][  2]LogModuleManager: Shutting down and abandoning module ActorSequenceEditor (600)
[2020.04.11-15.53.52:301][  2]LogModuleManager: Shutting down and abandoning module WmfMediaFactory (598)
[2020.04.11-15.53.52:301][  2]LogModuleManager: Shutting down and abandoning module WmfMediaEditor (596)
[2020.04.11-15.53.52:301][  2]LogModuleManager: Shutting down and abandoning module WebMMediaFactory (594)
[2020.04.11-15.53.52:301][  2]LogModuleManager: Shutting down and abandoning module WebMMediaEditor (592)
[2020.04.11-15.53.52:301][  2]LogModuleManager: Shutting down and abandoning module WebMMedia (590)
[2020.04.11-15.53.52:314][  2]LogModuleManager: Shutting down and abandoning module MediaPlayerEditor (588)
[2020.04.11-15.53.52:329][  2]LogModuleManager: Shutting down and abandoning module MediaCompositingEditor (586)
[2020.04.11-15.53.52:340][  2]LogModuleManager: Shutting down and abandoning module SequenceRecorder (585)
[2020.04.11-15.53.52:340][  2]LogModuleManager: Shutting down and abandoning module OpenExrWrapper (582)
[2020.04.11-15.53.52:340][  2]LogModuleManager: Shutting down and abandoning module ImgMediaFactory (580)
[2020.04.11-15.53.52:340][  2]LogModuleManager: Shutting down and abandoning module ImgMediaEditor (578)
[2020.04.11-15.53.52:340][  2]LogModuleManager: Shutting down and abandoning module AvfMediaFactory (576)
[2020.04.11-15.53.52:340][  2]LogModuleManager: Shutting down and abandoning module AvfMediaEditor (574)
[2020.04.11-15.53.52:341][  2]LogModuleManager: Shutting down and abandoning module AndroidMediaFactory (572)
[2020.04.11-15.53.52:341][  2]LogModuleManager: Shutting down and abandoning module AndroidMediaEditor (570)
[2020.04.11-15.53.52:341][  2]LogModuleManager: Shutting down and abandoning module MagicLeapCameraPreviewFactory (568)
[2020.04.11-15.53.52:341][  2]LogModuleManager: Shutting down and abandoning module MagicLeapMediaCodecFactory (566)
[2020.04.11-15.53.52:341][  2]LogModuleManager: Shutting down and abandoning module MagicLeapMediaFactory (564)
[2020.04.11-15.53.52:341][  2]LogModuleManager: Shutting down and abandoning module MagicLeapMediaEditor (562)
[2020.04.11-15.53.52:341][  2]LogModuleManager: Shutting down and abandoning module CharacterAI (560)
[2020.04.11-15.53.52:341][  2]LogModuleManager: Shutting down and abandoning module SmartSnapping (558)
[2020.04.11-15.53.52:341][  2]LogModuleManager: Shutting down and abandoning module SessionServices (556)
[2020.04.11-15.53.52:341][  2]LogModuleManager: Shutting down and abandoning module MeshPaint (554)
[2020.04.11-15.53.52:347][  2]LogModuleManager: Shutting down and abandoning module ViewportSnapping (552)
[2020.04.11-15.53.52:347][  2]LogModuleManager: Shutting down and abandoning module ViewportInteraction (550)
[2020.04.11-15.53.52:347][  2]LogModuleManager: Shutting down and abandoning module ClothPainter (548)
[2020.04.11-15.53.52:375][  2]LogModuleManager: Shutting down and abandoning module SkeletalMeshEditor (547)
[2020.04.11-15.53.52:384][  2]LogModuleManager: Shutting down and abandoning module LogVisualizer (544)
[2020.04.11-15.53.52:410][  2]LogModuleManager: Shutting down and abandoning module IntroTutorials (542)
[2020.04.11-15.53.52:450][  2]LogModuleManager: Shutting down and abandoning module GameProjectGeneration (541)
[2020.04.11-15.53.52:517][  2]LogModuleManager: Shutting down and abandoning module LuminPlatformEditor (538)
[2020.04.11-15.53.52:517][  2]LogModuleManager: Shutting down and abandoning module IOSPlatformEditor (536)
[2020.04.11-15.53.52:517][  2]LogModuleManager: Shutting down and abandoning module HTML5PlatformEditor (534)
[2020.04.11-15.53.52:517][  2]LogModuleManager: Shutting down and abandoning module AndroidPlatformEditor (532)
[2020.04.11-15.53.52:528][  2]LogModuleManager: Shutting down and abandoning module AndroidDeviceDetection (531)
[2020.04.11-15.53.53:280][  2]LogModuleManager: Shutting down and abandoning module WindowsPlatformEditor (528)
[2020.04.11-15.53.53:280][  2]LogModuleManager: Shutting down and abandoning module LuminRuntimeSettings (526)
[2020.04.11-15.53.53:280][  2]LogModuleManager: Shutting down and abandoning module IOSRuntimeSettings (524)
[2020.04.11-15.53.53:281][  2]LogModuleManager: Shutting down and abandoning module AndroidRuntimeSettings (522)
[2020.04.11-15.53.53:281][  2]LogModuleManager: Shutting down and abandoning module TimeManagementEditor (520)
[2020.04.11-15.53.53:281][  2]LogModuleManager: Shutting down and abandoning module InputBindingEditor (518)
[2020.04.11-15.53.53:305][  2]LogModuleManager: Shutting down and abandoning module MergeActors (516)
[2020.04.11-15.53.53:336][  2]LogModuleManager: Shutting down and abandoning module LocalizationDashboard (514)
[2020.04.11-15.53.53:346][  2]LogModuleManager: Shutting down and abandoning module LocalizationService (513)
[2020.04.11-15.53.53:353][  2]LogModuleManager: Shutting down and abandoning module HardwareTargeting (510)
[2020.04.11-15.53.53:353][  2]LogModuleManager: Shutting down and abandoning module DeviceProfileEditor (508)
[2020.04.11-15.53.53:369][  2]LogModuleManager: Shutting down and abandoning module UndoHistory (506)
[2020.04.11-15.53.53:422][  2]LogModuleManager: Shutting down and abandoning module XmlParser (504)
[2020.04.11-15.53.53:457][  2]LogModuleManager: Shutting down and abandoning module Blutility (502)
[2020.04.11-15.53.53:467][  2]LogModuleManager: Shutting down and abandoning module ProjectSettingsViewer (500)
[2020.04.11-15.53.53:467][  2]LogModuleManager: Shutting down and abandoning module ProjectTargetPlatformEditor (499)
[2020.04.11-15.53.53:467][  2]LogModuleManager: Shutting down and abandoning module EditorSettingsViewer (496)
[2020.04.11-15.53.53:467][  2]LogModuleManager: Shutting down and abandoning module SettingsEditor (494)
[2020.04.11-15.53.53:489][  2]LogModuleManager: Shutting down and abandoning module ProjectLauncher (492)
[2020.04.11-15.53.53:518][  2]LogModuleManager: Shutting down and abandoning module SessionFrontend (490)
[2020.04.11-15.53.53:521][  2]LogModuleManager: Shutting down and abandoning module ProfilerClient (488)
[2020.04.11-15.53.53:536][  2]LogModuleManager: Shutting down and abandoning module DeviceManager (486)
[2020.04.11-15.53.53:550][  2]LogModuleManager: Shutting down and abandoning module TargetDeviceServices (485)
[2020.04.11-15.53.53:613][  2]LogModuleManager: Shutting down and abandoning module AutomationController (482)
[2020.04.11-15.53.53:670][  2]LogModuleManager: Shutting down and abandoning module AutomationWindow (480)
[2020.04.11-15.53.53:690][  2]LogModuleManager: Shutting down and abandoning module Layers (478)
[2020.04.11-15.53.53:727][  2]LogModuleManager: Shutting down and abandoning module ComponentVisualizers (476)
[2020.04.11-15.53.53:727][  2]LogModuleManager: Shutting down and abandoning module DetailCustomizations (474)
[2020.04.11-15.53.53:751][  2]LogModuleManager: Shutting down and abandoning module PackagesDialog (472)
[2020.04.11-15.53.53:772][  2]LogModuleManager: Shutting down and abandoning module AnimationBlueprintEditor (470)
[2020.04.11-15.53.53:811][  2]LogModuleManager: Shutting down and abandoning module Persona (468)
[2020.04.11-15.53.53:846][  2]LogModuleManager: Shutting down and abandoning module AdvancedPreviewScene (467)
[2020.04.11-15.53.53:846][  2]LogModuleManager: Shutting down and abandoning module AnimGraph (465)
[2020.04.11-15.53.53:846][  2]LogModuleManager: Shutting down and abandoning module Kismet (462)
[2020.04.11-15.53.53:927][  2]LogModuleManager: Shutting down and abandoning module GraphEditor (460)
[2020.04.11-15.53.53:986][  2]LogModuleManager: Shutting down and abandoning module ClassViewer (458)
[2020.04.11-15.53.53:986][  2]LogModuleManager: Shutting down and abandoning module Toolbox (456)
[2020.04.11-15.53.53:986][  2]LogModuleManager: Shutting down and abandoning module DesktopPlatform (455)
[2020.04.11-15.53.54:000][  2]LogModuleManager: Shutting down and abandoning module ModuleUI (452)
[2020.04.11-15.53.54:007][  2]LogModuleManager: Shutting down and abandoning module MovieSceneTools (450)
[2020.04.11-15.53.54:022][  2]LogModuleManager: Shutting down and abandoning module OutputLog (448)
[2020.04.11-15.53.54:022][  2]LogModuleManager: Shutting down and abandoning module GammaUI (446)
[2020.04.11-15.53.54:034][  2]LogModuleManager: Shutting down and abandoning module Documentation (444)
[2020.04.11-15.53.54:034][  2]LogModuleManager: Shutting down and abandoning module LiveCoding (442)
[2020.04.11-15.53.54:060][  2]LogModuleManager: Shutting down and abandoning module LevelSequence (440)
[2020.04.11-15.53.54:060][  2]LogModuleManager: Shutting down and abandoning module MovieSceneTracks (438)
[2020.04.11-15.53.54:060][  2]LogModuleManager: Shutting down and abandoning module MovieScene (436)
[2020.04.11-15.53.54:069][  2]LogModuleManager: Shutting down and abandoning module StreamingPauseRendering (434)
[2020.04.11-15.53.54:087][  2]LogModuleManager: Shutting down and abandoning module LauncherPlatform (432)
[2020.04.11-15.53.54:087][  2]LogModuleManager: Shutting down and abandoning module AnalyticsET (430)
[2020.04.11-15.53.54:087][  2]LogModuleManager: Shutting down and abandoning module PortalServices (428)
[2020.04.11-15.53.54:087][  2]LogModuleManager: Shutting down and abandoning module PortalRpc (426)
[2020.04.11-15.53.54:087][  2]LogModuleManager: Shutting down and abandoning module MessagingRpc (424)
[2020.04.11-15.53.54:087][  2]LogModuleManager: Shutting down and abandoning module AIModule (422)
[2020.04.11-15.53.54:148][  2]LogModuleManager: Shutting down and abandoning module GameplayDebugger (421)
[2020.04.11-15.53.54:159][  2]LogModuleManager: Shutting down and abandoning module AITestSuite (419)
[2020.04.11-15.53.54:166][  2]LogModuleManager: Shutting down and abandoning module NavigationSystem (417)
[2020.04.11-15.53.54:167][  2]LogModuleManager: Shutting down and abandoning module ImageWriteQueue (414)
[2020.04.11-15.53.54:170][  2]LogModuleManager: Shutting down and abandoning module ProfilerService (412)
[2020.04.11-15.53.54:351][  2]LogModuleManager: Shutting down and abandoning module TaskGraph (410)
[2020.04.11-15.53.54:405][  2]LogModuleManager: Shutting down and abandoning module SteamVRController (408)
[2020.04.11-15.53.54:405][  2]LogModuleManager: Shutting down and abandoning module ProceduralMeshComponentEditor (406)
[2020.04.11-15.53.54:414][  2]LogModuleManager: Shutting down and abandoning module ProceduralMeshComponent (404)
[2020.04.11-15.53.54:424][  2]LogModuleManager: Shutting down and abandoning module OculusEditor (402)
[2020.04.11-15.53.54:429][  2]LogModuleManager: Shutting down and abandoning module OculusInput (400)
[2020.04.11-15.53.54:429][  2]LogModuleManager: Shutting down and abandoning module MobilePatchingUtils (398)
[2020.04.11-15.53.54:429][  2]LogModuleManager: Shutting down and abandoning module EditableMesh (396)
[2020.04.11-15.53.54:440][  2]LogModuleManager: Shutting down and abandoning module CustomMeshComponent (394)
[2020.04.11-15.53.54:440][  2]LogModuleManager: Shutting down and abandoning module CableComponent (392)
[2020.04.11-15.53.54:452][  2]LogModuleManager: Shutting down and abandoning module AudioCapture (390)
[2020.04.11-15.53.54:452][  2]LogModuleManager: Shutting down and abandoning module ArchVisCharacter (388)
[2020.04.11-15.53.54:452][  2]LogModuleManager: Shutting down and abandoning module AndroidPermission (386)
[2020.04.11-15.53.54:452][  2]LogModuleManager: Shutting down and abandoning module NUTUnrealEngine4 (384)
[2020.04.11-15.53.54:459][  2]LogModuleManager: Shutting down and abandoning module NetcodeUnitTest (382)
[2020.04.11-15.53.54:483][  2]LogModuleManager: Shutting down and abandoning module MediaCompositing (380)
[2020.04.11-15.53.54:483][  2]LogModuleManager: Shutting down and abandoning module LinearTimecode (378)
[2020.04.11-15.53.54:483][  2]LogModuleManager: Shutting down and abandoning module ImgMedia (376)
[2020.04.11-15.53.54:483][  2]LogModuleManager: Shutting down and abandoning module DirGravity (374)
[2020.04.11-15.53.54:483][  2]LogModuleManager: Shutting down and abandoning module MagicLeapHelperVulkan (372)
[2020.04.11-15.53.54:483][  2]LogModuleManager: Shutting down and abandoning module MagicLeapHelperOpenGL (370)
[2020.04.11-15.53.54:501][  2]LogModuleManager: Shutting down and abandoning module MagicLeapAudio (368)
[2020.04.11-15.53.54:508][  2]LogModuleManager: Shutting down and abandoning module HTML5Networking (366)
[2020.04.11-15.53.54:508][  2]LogModuleManager: Shutting down and abandoning module GeometryCacheTracks (364)
[2020.04.11-15.53.54:508][  2]LogModuleManager: Shutting down and abandoning module GeometryCacheSequencer (362)
[2020.04.11-15.53.54:508][  2]LogModuleManager: Shutting down and abandoning module BackChannel (360)
[2020.04.11-15.53.54:523][  2]LogModuleManager: Shutting down and abandoning module AppleVision (358)
[2020.04.11-15.53.54:523][  2]LogModuleManager: Shutting down and abandoning module AppleImageUtilsBlueprintSupport (356)
[2020.04.11-15.53.54:523][  2]LogModuleManager: Shutting down and abandoning module AppleImageUtils (354)
[2020.04.11-15.53.54:524][  2]LogModuleManager: Shutting down and abandoning module AlembicImporter (352)
[2020.04.11-15.53.54:524][  2]LogModuleManager: Shutting down and abandoning module AlembicLibrary (351)
[2020.04.11-15.53.54:524][  2]LogModuleManager: Shutting down and abandoning module GeometryCache (350)
[2020.04.11-15.53.54:524][  2]LogModuleManager: Shutting down and abandoning module GeometryCacheEd (349)
[2020.04.11-15.53.54:524][  2]LogModuleManager: Shutting down and abandoning module VariantManagerContent (344)
[2020.04.11-15.53.54:524][  2]LogModuleManager: Shutting down and abandoning module DatasmithContentEditor (342)
[2020.04.11-15.53.54:550][  2]LogModuleManager: Shutting down and abandoning module SpeedTreeImporter (340)
[2020.04.11-15.53.54:550][  2]LogModuleManager: Shutting down and abandoning module PluginBrowser (338)
[2020.04.11-15.53.54:573][  2]LogModuleManager: Shutting down and abandoning module MobileLauncherProfileWizard (336)
[2020.04.11-15.53.54:611][  2]LogModuleManager: Shutting down and abandoning module MaterialAnalyzer (334)
[2020.04.11-15.53.54:626][  2]LogModuleManager: Shutting down and abandoning module CryptoKeysOpenSSL (332)
[2020.04.11-15.53.54:626][  2]LogModuleManager: Shutting down and abandoning module CryptoKeys (330)
[2020.04.11-15.53.54:626][  2]LogModuleManager: Shutting down and abandoning module VisualStudioSourceCodeAccess (328)
[2020.04.11-15.53.54:626][  2]LogModuleManager: Shutting down and abandoning module VisualStudioCodeSourceCodeAccess (326)
[2020.04.11-15.53.54:626][  2]LogModuleManager: Shutting down and abandoning module UObjectPlugin (324)
[2020.04.11-15.53.54:626][  2]LogModuleManager: Shutting down and abandoning module SubversionSourceControl (322)
[2020.04.11-15.53.54:654][  2]LogModuleManager: Shutting down and abandoning module PerforceSourceControl (320)
[2020.04.11-15.53.54:669][  2]LogModuleManager: Shutting down and abandoning module GitSourceControl (318)
[2020.04.11-15.53.54:698][  2]LogModuleManager: Shutting down and abandoning module SourceControl (317)
[2020.04.11-15.53.54:704][  2]LogModuleManager: Shutting down and abandoning module CLionSourceCodeAccess (314)
[2020.04.11-15.53.54:704][  2]LogModuleManager: Shutting down and abandoning module AnimationSharingEd (312)
[2020.04.11-15.53.54:704][  2]LogModuleManager: Shutting down and abandoning module ActorLayerUtilitiesEditor (310)
[2020.04.11-15.53.54:704][  2]LogModuleManager: Shutting down and abandoning module ActorLayerUtilities (308)
[2020.04.11-15.53.54:704][  2]LogModuleManager: Shutting down and abandoning module LightPropagationVolumeEditor (306)
[2020.04.11-15.53.54:704][  2]LogModuleManager: Shutting down and abandoning module PaperTiledImporter (304)
[2020.04.11-15.53.54:704][  2]LogModuleManager: Shutting down and abandoning module PaperSpriteSheetImporter (302)
[2020.04.11-15.53.54:704][  2]LogModuleManager: Shutting down and abandoning module Paper2DEditor (300)
[2020.04.11-15.53.54:743][  2]LogModuleManager: Shutting down and abandoning module CavesTaint (298)
[2020.04.11-15.53.54:743][  2]LogModuleManager: Shutting down and abandoning module SignificanceManager (294)
[2020.04.11-15.53.54:743][  2]LogModuleManager: Shutting down and abandoning module RuntimePhysXCooking (292)
[2020.04.11-15.53.54:743][  2]LogModuleManager: Shutting down and abandoning module PhysXVehiclesEditor (290)
[2020.04.11-15.53.54:743][  2]LogModuleManager: Shutting down and abandoning module PhysXVehicles (288)
[2020.04.11-15.53.54:743][  2]LogModuleManager: Shutting down and abandoning module LocationServicesBPLibrary (286)
[2020.04.11-15.53.54:743][  2]LogModuleManager: Shutting down and abandoning module ActorSequence (284)
[2020.04.11-15.53.54:743][  2]LogModuleManager: Shutting down and abandoning module UdpMessaging (282)
[2020.04.11-15.53.54:844][  2]LogModuleManager: Shutting down and abandoning module TcpMessaging (280)
[2020.04.11-15.53.54:977][  2]LogModuleManager: Shutting down and abandoning module MagicLeapIdentity (278)
[2020.04.11-15.53.54:977][  2]LogModuleManager: Shutting down and abandoning module MagicLeapSecureStorage (276)
[2020.04.11-15.53.54:977][  2]LogModuleManager: Shutting down and abandoning module MagicLeapHandTracking (274)
[2020.04.11-15.53.54:985][  2]LogModuleManager: Shutting down and abandoning module MagicLeapEyeTracker (272)
[2020.04.11-15.53.54:985][  2]LogModuleManager: Shutting down and abandoning module MagicLeapController (270)
[2020.04.11-15.53.54:998][  2]LogSlate: Slate User Destroyed.  User Index 0, Is Virtual User: 0
[2020.04.11-15.53.54:998][  2]LogModuleManager: Shutting down and abandoning module MagicLeapAR (268)
[2020.04.11-15.53.54:998][  2]LogModuleManager: Shutting down and abandoning module AugmentedReality (267)
[2020.04.11-15.53.54:998][  2]LogModuleManager: Shutting down and abandoning module GameplayTagsEditor (264)
[2020.04.11-15.53.55:009][  2]LogModuleManager: Shutting down and abandoning module FacialAnimationEditor (262)
[2020.04.11-15.53.55:009][  2]LogModuleManager: Shutting down and abandoning module FacialAnimation (260)
[2020.04.11-15.53.55:009][  2]LogModuleManager: Shutting down and abandoning module DataValidation (258)
[2020.04.11-15.53.55:009][  2]LogModuleManager: Shutting down and abandoning module AssetManagerEditor (256)
[2020.04.11-15.53.55:031][  2]LogModuleManager: Shutting down and abandoning module LevelEditor (255)
[2020.04.11-15.53.55:036][  2]LogModuleManager: Shutting down and abandoning module PixelInspectorModule (254)
[2020.04.11-15.53.55:048][  2]LogModuleManager: Shutting down and abandoning module CommonMenuExtensions (252)
[2020.04.11-15.53.55:048][  2]LogModuleManager: Shutting down and abandoning module MainFrame (250)
[2020.04.11-15.53.55:048][  2]LogModuleManager: Shutting down and abandoning module HotReload (249)
[2020.04.11-15.53.55:049][  2]LogModuleManager: Shutting down and abandoning module ContentBrowser (245)
[2020.04.11-15.53.55:050][  2]LogModuleManager: Shutting down and abandoning module TreeMap (243)
[2020.04.11-15.53.55:058][  2]LogModuleManager: Shutting down and abandoning module AnimationSharing (240)
[2020.04.11-15.53.55:058][  2]LogModuleManager: Shutting down and abandoning module LightPropagationVolumeRuntime (238)
[2020.04.11-15.53.55:058][  2]LogModuleManager: Shutting down and abandoning module AISupportModule (236)
[2020.04.11-15.53.55:058][  2]LogModuleManager: Shutting down and abandoning module Paper2D (234)
[2020.04.11-15.53.55:068][  2]LogModuleManager: Shutting down and abandoning module WindowsMoviePlayer (232)
[2020.04.11-15.53.55:122][  2]LogModuleManager: Shutting down and abandoning module WebMMoviePlayer (230)
[2020.04.11-15.53.55:138][  2]LogModuleManager: Shutting down and abandoning module PacketHandler (228)
[2020.04.11-15.53.55:138][  2]LogModuleManager: Shutting down and abandoning module ClothingSystemEditor (226)
[2020.04.11-15.53.55:138][  2]LogModuleManager: Shutting down and abandoning module ClothingSystemRuntime (224)
[2020.04.11-15.53.55:169][  2]LogModuleManager: Shutting down and abandoning module MediaAssets (222)
[2020.04.11-15.53.55:169][  2]LogModuleManager: Shutting down and abandoning module Overlay (220)
[2020.04.11-15.53.55:169][  2]LogModuleManager: Shutting down and abandoning module OverlayEditor (219)
[2020.04.11-15.53.55:169][  2]LogModuleManager: Shutting down and abandoning module VREditor (216)
[2020.04.11-15.53.55:200][  2]LogModuleManager: Shutting down and abandoning module StringTableEditor (214)
[2020.04.11-15.53.55:229][  2]LogModuleManager: Shutting down and abandoning module GameplayTasksEditor (212)
[2020.04.11-15.53.55:229][  2]LogModuleManager: Shutting down and abandoning module BehaviorTreeEditor (210)
[2020.04.11-15.53.55:255][  2]LogModuleManager: Shutting down and abandoning module FunctionalTesting (208)
[2020.04.11-15.53.55:267][  2]LogModuleManager: Shutting down and abandoning module CollisionAnalyzer (206)
[2020.04.11-15.53.55:276][  2]LogModuleManager: Shutting down and abandoning module WorkspaceMenuStructure (205)
[2020.04.11-15.53.55:281][  2]LogModuleManager: Shutting down and abandoning module UMG (202)
[2020.04.11-15.53.55:292][  2]LogModuleManager: Shutting down and abandoning module UMGEditor (201)
[2020.04.11-15.53.55:415][  2]LogModuleManager: Shutting down and abandoning module Sequencer (200)
[2020.04.11-15.53.55:471][  2]LogModuleManager: Shutting down and abandoning module MessageLog (197)
[2020.04.11-15.53.55:471][  2]LogModuleManager: Shutting down and abandoning module SlateReflector (192)
[2020.04.11-15.53.55:523][  2]LogModuleManager: Shutting down and abandoning module Slate (190)
[2020.04.11-15.53.55:523][  2]LogModuleManager: Shutting down and abandoning module EditorStyle (188)
[2020.04.11-15.53.55:525][  2]LogModuleManager: Shutting down and abandoning module UnrealEd (186)
[2020.04.11-15.53.55:542][  2]LogModuleManager: Shutting down and abandoning module MRMesh (184)
[2020.04.11-15.53.55:542][  2]LogModuleManager: Shutting down and abandoning module SourceCodeAccess (182)
[2020.04.11-15.53.55:542][  2]LogModuleManager: Shutting down and abandoning module HeadMountedDisplay (180)
[2020.04.11-15.53.55:542][  2]LogModuleManager: Shutting down and abandoning module XAudio2 (178)
[2020.04.11-15.53.55:542][  2]LogModuleManager: Shutting down and abandoning module Networking (176)
[2020.04.11-15.53.55:542][  2]LogModuleManager: Shutting down and abandoning module Core (174)
[2020.04.11-15.53.55:542][  2]LogModuleManager: Shutting down and abandoning module KismetCompiler (172)
[2020.04.11-15.53.55:542][  2]LogModuleManager: Shutting down and abandoning module MeshUtilities (170)
[2020.04.11-15.53.55:542][  2]LogModuleManager: Shutting down and abandoning module MeshMergeUtilities (169)
[2020.04.11-15.53.55:555][  2]LogModuleManager: Shutting down and abandoning module MeshReductionInterface (168)
[2020.04.11-15.53.55:555][  2]LogModuleManager: Shutting down and abandoning module SkeletalMeshReduction (167)
[2020.04.11-15.53.55:565][  2]LogModuleManager: Shutting down and abandoning module ProxyLODMeshReduction (165)
[2020.04.11-15.53.55:598][  2]LogModuleManager: Shutting down and abandoning module QuadricMeshReduction (163)
[2020.04.11-15.53.55:603][  2]LogModuleManager: Shutting down and abandoning module MaterialBaking (159)
[2020.04.11-15.53.55:608][  2]LogModuleManager: Shutting down and abandoning module DerivedDataCache (154)
[2020.04.11-15.53.55:623][  2]LogDerivedDataCache: Shutdown
[2020.04.11-15.53.55:623][  2]LogModuleManager: Shutting down and abandoning module XGEController (152)
[2020.04.11-15.53.55:623][  2]LogXGEController: Cleaning working directory: C:/Users/PC/AppData/Local/Temp/UnrealXGEWorkingDir/
[2020.04.11-15.53.55:770][  2]LogModuleManager: Shutting down and abandoning module TargetPlatform (150)
[2020.04.11-15.53.55:781][  2]LogModuleManager: Shutting down and abandoning module VulkanShaderFormat (149)
[2020.04.11-15.53.55:799][  2]LogModuleManager: Shutting down and abandoning module ShaderFormatVectorVM (147)
[2020.04.11-15.53.55:808][  2]LogModuleManager: Shutting down and abandoning module ShaderFormatOpenGL (145)
[2020.04.11-15.53.55:820][  2]LogModuleManager: Shutting down and abandoning module ShaderFormatD3D (143)
[2020.04.11-15.53.55:842][  2]LogModuleManager: Shutting down and abandoning module MetalShaderFormat (141)
[2020.04.11-15.53.55:857][  2]LogModuleManager: Shutting down and abandoning module TextureFormatUncompressed (139)
[2020.04.11-15.53.55:857][  2]LogModuleManager: Shutting down and abandoning module TextureFormatPVR (137)
[2020.04.11-15.53.55:857][  2]LogModuleManager: Shutting down and abandoning module TextureFormatDXT (135)
[2020.04.11-15.53.55:868][  2]LogModuleManager: Shutting down and abandoning module TextureFormatIntelISPCTexComp (133)
[2020.04.11-15.53.55:879][  2]LogModuleManager: Shutting down and abandoning module TextureFormatASTC (131)
[2020.04.11-15.53.55:879][  2]LogModuleManager: Shutting down and abandoning module ImageWrapper (130)
[2020.04.11-15.53.55:879][  2]LogModuleManager: Shutting down and abandoning module TextureFormatAndroid (127)
[2020.04.11-15.53.55:879][  2]LogModuleManager: Shutting down and abandoning module AudioFormatOpus (125)
[2020.04.11-15.53.55:889][  2]LogModuleManager: Shutting down and abandoning module AudioFormatOgg (123)
[2020.04.11-15.53.55:889][  2]LogModuleManager: Shutting down and abandoning module AudioFormatADPCM (121)
[2020.04.11-15.53.55:897][  2]LogModuleManager: Shutting down and abandoning module LuminTargetPlatform (119)
[2020.04.11-15.53.55:900][  2]LogModuleManager: Shutting down and abandoning module LinuxTargetPlatform (117)
[2020.04.11-15.53.55:900][  2]LogModuleManager: Shutting down and abandoning module LinuxServerTargetPlatform (115)
[2020.04.11-15.53.55:916][  2]LogModuleManager: Shutting down and abandoning module LinuxNoEditorTargetPlatform (113)
[2020.04.11-15.53.55:926][  2]LogModuleManager: Shutting down and abandoning module LinuxClientTargetPlatform (111)
[2020.04.11-15.53.55:937][  2]LogModuleManager: Shutting down and abandoning module TVOSTargetPlatform (109)
[2020.04.11-15.53.55:937][  2]LogModuleManager: Shutting down and abandoning module Messaging (107)
[2020.04.11-15.53.55:937][  2]LogModuleManager: Shutting down and abandoning module IOSTargetPlatform (105)
[2020.04.11-15.53.55:938][  2]LogModuleManager: Shutting down and abandoning module HTML5TargetPlatform (103)
[2020.04.11-15.53.55:938][  2]LogModuleManager: Shutting down and abandoning module AndroidTargetPlatform (101)
[2020.04.11-15.53.55:944][  2]LogModuleManager: Shutting down and abandoning module WindowsTargetPlatform (99)
[2020.04.11-15.53.55:944][  2]LogModuleManager: Shutting down and abandoning module WindowsServerTargetPlatform (97)
[2020.04.11-15.53.55:944][  2]LogModuleManager: Shutting down and abandoning module WindowsNoEditorTargetPlatform (95)
[2020.04.11-15.53.55:944][  2]LogModuleManager: Shutting down and abandoning module WindowsClientTargetPlatform (93)
[2020.04.11-15.53.55:944][  2]LogModuleManager: Shutting down and abandoning module MacTargetPlatform (91)
[2020.04.11-15.53.55:944][  2]LogModuleManager: Shutting down and abandoning module MacServerTargetPlatform (89)
[2020.04.11-15.53.55:944][  2]LogModuleManager: Shutting down and abandoning module MacNoEditorTargetPlatform (87)
[2020.04.11-15.53.55:944][  2]LogModuleManager: Shutting down and abandoning module MacClientTargetPlatform (85)
[2020.04.11-15.53.55:944][  2]LogModuleManager: Shutting down and abandoning module AllDesktopTargetPlatform (83)
[2020.04.11-15.53.55:944][  2]LogModuleManager: Shutting down and abandoning module InputCore (80)
[2020.04.11-15.53.55:944][  2]LogModuleManager: Shutting down and abandoning module Settings (78)
[2020.04.11-15.53.55:944][  2]LogModuleManager: Shutting down and abandoning module DirectoryWatcher (76)
[2020.04.11-15.53.55:947][  2]LogModuleManager: Shutting down and abandoning module PhysXCooking (74)
[2020.04.11-15.53.55:947][  2]LogModuleManager: Shutting down and abandoning module SteamVR (72)
[2020.04.11-15.53.55:961][  2]LogHMD: Freeing OpenVRDLLHandle.
[2020.04.11-15.53.55:961][  2]LogModuleManager: Shutting down and abandoning module OculusHMD (70)
[2020.04.11-15.53.56:036][  2]LogModuleManager: Shutting down and abandoning module ExampleDeviceProfileSelector (68)
[2020.04.11-15.53.56:036][  2]LogModuleManager: Shutting down and abandoning module LauncherChunkInstaller (66)
[2020.04.11-15.53.56:036][  2]LogModuleManager: Shutting down and abandoning module OnlineBlueprintSupport (64)
[2020.04.11-15.53.56:036][  2]LogModuleManager: Shutting down and abandoning module OnlineSubsystem (60)
[2020.04.11-15.53.56:057][  2]LogModuleManager: Shutting down and abandoning module XMPP (55)
[2020.04.11-15.53.56:077][  2]LogModuleManager: Shutting down and abandoning module WebSockets (54)
[2020.04.11-15.53.56:128][  2]LogModuleManager: Shutting down and abandoning module HTTP (51)
[2020.04.11-15.53.56:128][  2]LogHttp: Display: Http module shutting down, but needs to wait on 1 outstanding Http requests:
[2020.04.11-15.53.56:128][  2]LogHttp: Display: 	verb=[POST] url=[https://datarouter.ol.epicgames.com/datarouter/api/v1/public/data?SessionID=%7BA4EA7B79-45EB-3C95-2879-B2B6364FA783%7D&AppID=UEEditor.Rocket.Release&AppVersion=4.22.3-7053642%2B%2B%2BUE4%2BRelease-4.22&UserID=b49deaa746803f4c71b9ba84eac55b31%7Cc652608a404d4917b5d86a6a501f8876%7C3abbe5ad-7b1c-44b5-b22c-9aa8b236bb69&AppEnvironment=datacollector-binary&UploadType=eteventstream] status=Processing
[2020.04.11-15.53.56:157][  2]LogModuleManager: Shutting down and abandoning module SSL (50)
[2020.04.11-15.53.56:158][  2]LogModuleManager: Shutting down and abandoning module WmfMedia (46)
[2020.04.11-15.53.56:174][  2]LogModuleManager: Shutting down and abandoning module Media (45)
[2020.04.11-15.53.56:180][  2]LogModuleManager: Shutting down and abandoning module MagicLeap (42)
[2020.04.11-15.53.56:196][  2]LogModuleManager: Shutting down and abandoning module DatasmithContent (40)
[2020.04.11-15.53.56:197][  2]LogModuleManager: Shutting down and abandoning module AnimationModifiers (38)
[2020.04.11-15.53.56:243][  2]LogModuleManager: Shutting down and abandoning module PropertyEditor (37)
[2020.04.11-15.53.56:297][  2]LogModuleManager: Shutting down and abandoning module AudioEditor (34)
[2020.04.11-15.53.56:315][  2]LogModuleManager: Shutting down and abandoning module TextureCompressor (32)
[2020.04.11-15.53.56:316][  2]LogModuleManager: Shutting down and abandoning module RenderCore (30)
[2020.04.11-15.53.56:316][  2]LogModuleManager: Shutting down and abandoning module Landscape (28)
[2020.04.11-15.53.56:316][  2]LogModuleManager: Shutting down and abandoning module SlateRHIRenderer (26)
[2020.04.11-15.53.56:333][  2]LogModuleManager: Shutting down and abandoning module OpenGLDrv (24)
[2020.04.11-15.53.56:349][  2]LogModuleManager: Shutting down and abandoning module D3D11RHI (22)
[2020.04.11-15.53.56:349][  2]LogModuleManager: Shutting down and abandoning module AnimGraphRuntime (20)
[2020.04.11-15.53.56:363][  2]LogModuleManager: Shutting down and abandoning module Renderer (18)
[2020.04.11-15.53.56:363][  2]LogModuleManager: Shutting down and abandoning module Engine (16)
[2020.04.11-15.53.56:363][  2]LogModuleManager: Shutting down and abandoning module CoreUObject (14)
[2020.04.11-15.53.56:363][  2]LogModuleManager: Shutting down and abandoning module NetworkFile (12)
[2020.04.11-15.53.56:372][  2]LogModuleManager: Shutting down and abandoning module CookedIterativeFile (10)
[2020.04.11-15.53.56:372][  2]LogModuleManager: Shutting down and abandoning module StreamingFile (8)
[2020.04.11-15.53.56:382][  2]LogModuleManager: Shutting down and abandoning module SandboxFile (6)
[2020.04.11-15.53.56:382][  2]LogModuleManager: Shutting down and abandoning module PakFile (4)
[2020.04.11-15.53.56:396][  2]LogModuleManager: Shutting down and abandoning module RSA (3)
[2020.04.11-15.53.56:427][  2]LogExit: Exiting.
[2020.04.11-15.53.56:470][  2]Log file closed, 04/11/20 17:53:56
